2015-06-18 13:20:38 Warning: DebugKit not enabled. You need to either install pdo_sqlite, or define the "debug_kit" connection name.
2015-06-18 13:20:40 Warning: DebugKit not enabled. You need to either install pdo_sqlite, or define the "debug_kit" connection name.
2015-06-18 13:20:40 Warning: DebugKit not enabled. You need to either install pdo_sqlite, or define the "debug_kit" connection name.
2015-06-18 13:20:49 Warning: DebugKit not enabled. You need to either install pdo_sqlite, or define the "debug_kit" connection name.
2015-06-18 13:20:49 Warning: DebugKit not enabled. You need to either install pdo_sqlite, or define the "debug_kit" connection name.
2015-06-18 13:21:44 Warning: DebugKit not enabled. You need to either install pdo_sqlite, or define the "debug_kit" connection name.
2015-06-18 13:21:44 Warning: DebugKit not enabled. You need to either install pdo_sqlite, or define the "debug_kit" connection name.
2015-06-18 13:25:47 Warning: DebugKit not enabled. You need to either install pdo_sqlite, or define the "debug_kit" connection name.
2015-06-18 13:25:53 Warning: DebugKit not enabled. You need to either install pdo_sqlite, or define the "debug_kit" connection name.
2015-06-18 13:25:53 Warning: DebugKit not enabled. You need to either install pdo_sqlite, or define the "debug_kit" connection name.
2015-06-18 13:25:57 Warning: DebugKit not enabled. You need to either install pdo_sqlite, or define the "debug_kit" connection name.
2015-06-18 13:25:58 Warning: DebugKit not enabled. You need to either install pdo_sqlite, or define the "debug_kit" connection name.
2015-06-18 13:25:58 Warning: DebugKit not enabled. You need to either install pdo_sqlite, or define the "debug_kit" connection name.
2015-06-18 13:27:54 Warning: DebugKit not enabled. You need to either install pdo_sqlite, or define the "debug_kit" connection name.
2015-06-18 13:27:54 Warning: DebugKit not enabled. You need to either install pdo_sqlite, or define the "debug_kit" connection name.
2015-06-18 13:27:55 Warning: DebugKit not enabled. You need to either install pdo_sqlite, or define the "debug_kit" connection name.
2015-06-18 13:27:55 Warning: DebugKit not enabled. You need to either install pdo_sqlite, or define the "debug_kit" connection name.
2015-06-18 13:27:55 Warning: DebugKit not enabled. You need to either install pdo_sqlite, or define the "debug_kit" connection name.
2015-06-18 13:27:55 Warning: DebugKit not enabled. You need to either install pdo_sqlite, or define the "debug_kit" connection name.
2015-06-18 13:27:55 Warning: DebugKit not enabled. You need to either install pdo_sqlite, or define the "debug_kit" connection name.
2015-06-18 13:27:55 Warning: DebugKit not enabled. You need to either install pdo_sqlite, or define the "debug_kit" connection name.
2015-06-18 13:27:55 Warning: DebugKit not enabled. You need to either install pdo_sqlite, or define the "debug_kit" connection name.
2015-06-18 13:27:55 Warning: DebugKit not enabled. You need to either install pdo_sqlite, or define the "debug_kit" connection name.
2015-06-18 13:27:56 Warning: DebugKit not enabled. You need to either install pdo_sqlite, or define the "debug_kit" connection name.
2015-06-18 13:27:56 Warning: DebugKit not enabled. You need to either install pdo_sqlite, or define the "debug_kit" connection name.
2015-06-18 13:27:56 Warning: DebugKit not enabled. You need to either install pdo_sqlite, or define the "debug_kit" connection name.
2015-06-18 13:27:57 Warning: DebugKit not enabled. You need to either install pdo_sqlite, or define the "debug_kit" connection name.
2015-06-18 13:27:57 Warning: DebugKit not enabled. You need to either install pdo_sqlite, or define the "debug_kit" connection name.
2015-06-18 13:28:01 Warning: DebugKit not enabled. You need to either install pdo_sqlite, or define the "debug_kit" connection name.
2015-06-18 13:28:02 Warning: DebugKit not enabled. You need to either install pdo_sqlite, or define the "debug_kit" connection name.
2015-06-18 13:28:03 Warning: DebugKit not enabled. You need to either install pdo_sqlite, or define the "debug_kit" connection name.
2015-06-18 13:28:03 Warning: DebugKit not enabled. You need to either install pdo_sqlite, or define the "debug_kit" connection name.
2015-06-19 15:14:53 Warning: DebugKit not enabled. You need to either install pdo_sqlite, or define the "debug_kit" connection name.
2015-06-19 15:14:55 Warning: DebugKit not enabled. You need to either install pdo_sqlite, or define the "debug_kit" connection name.
2015-06-19 15:14:55 Warning: DebugKit not enabled. You need to either install pdo_sqlite, or define the "debug_kit" connection name.
2015-06-19 15:14:58 Warning: DebugKit not enabled. You need to either install pdo_sqlite, or define the "debug_kit" connection name.
2015-06-19 15:14:59 Warning: DebugKit not enabled. You need to either install pdo_sqlite, or define the "debug_kit" connection name.
2015-06-19 15:15:06 Warning: DebugKit not enabled. You need to either install pdo_sqlite, or define the "debug_kit" connection name.
2015-06-19 15:15:06 Warning: DebugKit not enabled. You need to either install pdo_sqlite, or define the "debug_kit" connection name.
2015-06-19 15:15:06 Warning: DebugKit not enabled. You need to either install pdo_sqlite, or define the "debug_kit" connection name.
2015-06-19 15:15:09 Warning: DebugKit not enabled. You need to either install pdo_sqlite, or define the "debug_kit" connection name.
2015-06-19 15:15:09 Warning: DebugKit not enabled. You need to either install pdo_sqlite, or define the "debug_kit" connection name.
2015-06-19 15:15:09 Warning: DebugKit not enabled. You need to either install pdo_sqlite, or define the "debug_kit" connection name.
2015-06-19 15:15:10 Warning: DebugKit not enabled. You need to either install pdo_sqlite, or define the "debug_kit" connection name.
2015-06-19 15:15:10 Warning: DebugKit not enabled. You need to either install pdo_sqlite, or define the "debug_kit" connection name.
2015-06-19 15:15:10 Warning: DebugKit not enabled. You need to either install pdo_sqlite, or define the "debug_kit" connection name.
2015-06-19 15:15:10 Warning: DebugKit not enabled. You need to either install pdo_sqlite, or define the "debug_kit" connection name.
2015-06-19 15:15:10 Warning: DebugKit not enabled. You need to either install pdo_sqlite, or define the "debug_kit" connection name.
2015-06-19 15:15:10 Warning: DebugKit not enabled. You need to either install pdo_sqlite, or define the "debug_kit" connection name.
2015-06-19 15:23:26 Warning: DebugKit not enabled. You need to either install pdo_sqlite, or define the "debug_kit" connection name.
2015-06-19 15:23:27 Warning: DebugKit not enabled. You need to either install pdo_sqlite, or define the "debug_kit" connection name.
2015-06-19 15:23:28 Warning: DebugKit not enabled. You need to either install pdo_sqlite, or define the "debug_kit" connection name.
2015-06-19 15:23:30 Warning: DebugKit not enabled. You need to either install pdo_sqlite, or define the "debug_kit" connection name.
2015-06-19 15:23:30 Warning: DebugKit not enabled. You need to either install pdo_sqlite, or define the "debug_kit" connection name.
2015-06-19 15:23:30 Warning: DebugKit not enabled. You need to either install pdo_sqlite, or define the "debug_kit" connection name.
2015-06-19 15:23:31 Warning: DebugKit not enabled. You need to either install pdo_sqlite, or define the "debug_kit" connection name.
2015-06-19 15:23:31 Warning: DebugKit not enabled. You need to either install pdo_sqlite, or define the "debug_kit" connection name.
2015-06-19 15:23:31 Warning: DebugKit not enabled. You need to either install pdo_sqlite, or define the "debug_kit" connection name.
2015-06-19 15:23:31 Warning: DebugKit not enabled. You need to either install pdo_sqlite, or define the "debug_kit" connection name.
2015-06-19 15:23:31 Warning: DebugKit not enabled. You need to either install pdo_sqlite, or define the "debug_kit" connection name.
2015-06-19 15:23:32 Warning: DebugKit not enabled. You need to either install pdo_sqlite, or define the "debug_kit" connection name.
2015-06-19 15:23:32 Warning: DebugKit not enabled. You need to either install pdo_sqlite, or define the "debug_kit" connection name.
2015-06-19 15:23:32 Warning: DebugKit not enabled. You need to either install pdo_sqlite, or define the "debug_kit" connection name.
2015-06-19 15:23:32 Warning: DebugKit not enabled. You need to either install pdo_sqlite, or define the "debug_kit" connection name.
2015-06-19 15:23:32 Warning: DebugKit not enabled. You need to either install pdo_sqlite, or define the "debug_kit" connection name.
2015-06-19 15:23:32 Warning: DebugKit not enabled. You need to either install pdo_sqlite, or define the "debug_kit" connection name.
2015-06-19 15:23:32 Warning: DebugKit not enabled. You need to either install pdo_sqlite, or define the "debug_kit" connection name.
2015-06-19 15:23:32 Warning: DebugKit not enabled. You need to either install pdo_sqlite, or define the "debug_kit" connection name.
2015-06-19 15:23:32 Warning: DebugKit not enabled. You need to either install pdo_sqlite, or define the "debug_kit" connection name.
2015-06-19 15:23:32 Warning: DebugKit not enabled. You need to either install pdo_sqlite, or define the "debug_kit" connection name.
2015-06-19 15:23:32 Warning: DebugKit not enabled. You need to either install pdo_sqlite, or define the "debug_kit" connection name.
2015-06-19 15:23:32 Warning: DebugKit not enabled. You need to either install pdo_sqlite, or define the "debug_kit" connection name.
2015-06-19 15:23:32 Warning: DebugKit not enabled. You need to either install pdo_sqlite, or define the "debug_kit" connection name.
2015-06-19 15:23:32 Warning: DebugKit not enabled. You need to either install pdo_sqlite, or define the "debug_kit" connection name.
2015-06-19 15:23:32 Warning: DebugKit not enabled. You need to either install pdo_sqlite, or define the "debug_kit" connection name.
2015-06-19 15:23:32 Warning: DebugKit not enabled. You need to either install pdo_sqlite, or define the "debug_kit" connection name.
2015-06-19 15:23:34 Warning: DebugKit not enabled. You need to either install pdo_sqlite, or define the "debug_kit" connection name.
2015-06-19 15:23:36 Warning: DebugKit not enabled. You need to either install pdo_sqlite, or define the "debug_kit" connection name.
2015-06-19 15:23:36 Warning: DebugKit not enabled. You need to either install pdo_sqlite, or define the "debug_kit" connection name.
2015-06-19 15:23:36 Warning: DebugKit not enabled. You need to either install pdo_sqlite, or define the "debug_kit" connection name.
2015-06-19 15:23:38 Warning: DebugKit not enabled. You need to either install pdo_sqlite, or define the "debug_kit" connection name.
2015-06-19 15:23:38 Warning: DebugKit not enabled. You need to either install pdo_sqlite, or define the "debug_kit" connection name.
2015-06-19 15:23:38 Warning: DebugKit not enabled. You need to either install pdo_sqlite, or define the "debug_kit" connection name.
2015-06-19 15:23:39 Warning: DebugKit not enabled. You need to either install pdo_sqlite, or define the "debug_kit" connection name.
2015-06-19 15:23:40 Warning: DebugKit not enabled. You need to either install pdo_sqlite, or define the "debug_kit" connection name.
2015-06-19 15:23:40 Warning: DebugKit not enabled. You need to either install pdo_sqlite, or define the "debug_kit" connection name.
2017-01-11 03:22:04 Error: [PDOException] SQLSTATE[HY000] [1045] Access denied for user 'root'@'localhost' (using password: YES)
Request URL: /cakephp_dhtmlx/scheduler_data?timeshift=240&from=2010-07-01&to=2010-10-01
Stack Trace:
#0 C:\xampp\htdocs\cakephp_dhtmlx\vendor\cakephp\cakephp\src\Database\Driver\PDODriverTrait.php(48): PDO->__construct('mysql:host=loca...', 'root', 'root', Array)
#1 C:\xampp\htdocs\cakephp_dhtmlx\vendor\cakephp\cakephp\src\Database\Driver\Mysql.php(89): Cake\Database\Driver\Mysql->_connect('mysql:host=loca...', Array)
#2 C:\xampp\htdocs\cakephp_dhtmlx\vendor\cakephp\cakephp\src\Database\Schema\BaseSchema.php(46): Cake\Database\Driver\Mysql->connect()
#3 C:\xampp\htdocs\cakephp_dhtmlx\vendor\cakephp\cakephp\src\Database\Dialect\MysqlDialectTrait.php(62): Cake\Database\Schema\BaseSchema->__construct(Object(Cake\Database\Driver\Mysql))
#4 C:\xampp\htdocs\cakephp_dhtmlx\vendor\cakephp\cakephp\src\Database\Schema\Collection.php(52): Cake\Database\Driver\Mysql->schemaDialect()
#5 C:\xampp\htdocs\cakephp_dhtmlx\vendor\cakephp\cakephp\src\Database\Schema\CachedCollection.php(44): Cake\Database\Schema\Collection->__construct(Object(Cake\Database\Connection))
#6 C:\xampp\htdocs\cakephp_dhtmlx\vendor\cakephp\cakephp\src\Database\Connection.php(319): Cake\Database\Schema\CachedCollection->__construct(Object(Cake\Database\Connection), true)
#7 C:\xampp\htdocs\cakephp_dhtmlx\vendor\cakephp\cakephp\src\ORM\Table.php(428): Cake\Database\Connection->schemaCollection()
#8 C:\xampp\htdocs\cakephp_dhtmlx\vendor\cakephp\cakephp\src\ORM\Query.php(141): Cake\ORM\Table->schema()
#9 C:\xampp\htdocs\cakephp_dhtmlx\vendor\cakephp\cakephp\src\ORM\Query.php(123): Cake\ORM\Query->addDefaultTypes(Object(App\Model\Table\SchedulerEventTable))
#10 C:\xampp\htdocs\cakephp_dhtmlx\vendor\cakephp\cakephp\src\ORM\Table.php(1220): Cake\ORM\Query->__construct(Object(Cake\Database\Connection), Object(App\Model\Table\SchedulerEventTable))
#11 C:\xampp\htdocs\cakephp_dhtmlx\vendor\cakephp\cakephp\src\ORM\Table.php(924): Cake\ORM\Table->query()
#12 C:\xampp\htdocs\cakephp_dhtmlx\vendor\dhtmlx\connector-php\codebase\Dhtmlx\Connector\DataStorage\PHPCakeDBDataWrapper.php(12): Cake\ORM\Table->find('all')
#13 C:\xampp\htdocs\cakephp_dhtmlx\vendor\dhtmlx\connector-php\codebase\Dhtmlx\Connector\Connector.php(274): Dhtmlx\Connector\DataStorage\PHPCakeDBDataWrapper->select(Object(Dhtmlx\Connector\Data\DataRequestConfig))
#14 C:\xampp\htdocs\cakephp_dhtmlx\vendor\dhtmlx\connector-php\codebase\Dhtmlx\Connector\Connector.php(254): Dhtmlx\Connector\Connector->get_resource()
#15 C:\xampp\htdocs\cakephp_dhtmlx\src\Controller\SchedulerController.php(18): Dhtmlx\Connector\Connector->render()
#16 [internal function]: App\Controller\SchedulerController->data()
#17 C:\xampp\htdocs\cakephp_dhtmlx\vendor\cakephp\cakephp\src\Controller\Controller.php(411): call_user_func_array(Array, Array)
#18 C:\xampp\htdocs\cakephp_dhtmlx\vendor\cakephp\cakephp\src\Routing\Dispatcher.php(114): Cake\Controller\Controller->invokeAction()
#19 C:\xampp\htdocs\cakephp_dhtmlx\vendor\cakephp\cakephp\src\Routing\Dispatcher.php(87): Cake\Routing\Dispatcher->_invoke(Object(App\Controller\SchedulerController))
#20 C:\xampp\htdocs\cakephp_dhtmlx\webroot\index.php(39): Cake\Routing\Dispatcher->dispatch(Object(Cake\Network\Request), Object(Cake\Network\Response))
#21 {main}


2017-01-11 03:29:47 Error: [PDOException] SQLSTATE[HY000] [1045] Access denied for user 'root'@'localhost' (using password: YES)
Request URL: /cakephp_dhtmlx/scheduler_data?timeshift=240&from=2010-07-01&to=2010-10-01
Referer URL: http://localhost/cakephp_dhtmlx/scheduler
Stack Trace:
#0 C:\xampp\htdocs\cakephp_dhtmlx\vendor\cakephp\cakephp\src\Database\Driver\PDODriverTrait.php(48): PDO->__construct('mysql:host=loca...', 'root', 'root', Array)
#1 C:\xampp\htdocs\cakephp_dhtmlx\vendor\cakephp\cakephp\src\Database\Driver\Mysql.php(104): Cake\Database\Driver\Mysql->_connect('mysql:host=loca...', Array)
#2 C:\xampp\htdocs\cakephp_dhtmlx\vendor\cakephp\cakephp\src\Database\Schema\BaseSchema.php(45): Cake\Database\Driver\Mysql->connect()
#3 C:\xampp\htdocs\cakephp_dhtmlx\vendor\cakephp\cakephp\src\Database\Dialect\MysqlDialectTrait.php(63): Cake\Database\Schema\BaseSchema->__construct(Object(Cake\Database\Driver\Mysql))
#4 C:\xampp\htdocs\cakephp_dhtmlx\vendor\cakephp\cakephp\src\Database\Schema\Collection.php(52): Cake\Database\Driver\Mysql->schemaDialect()
#5 C:\xampp\htdocs\cakephp_dhtmlx\vendor\cakephp\cakephp\src\Database\Schema\CachedCollection.php(42): Cake\Database\Schema\Collection->__construct(Object(Cake\Database\Connection))
#6 C:\xampp\htdocs\cakephp_dhtmlx\vendor\cakephp\cakephp\src\Database\Connection.php(322): Cake\Database\Schema\CachedCollection->__construct(Object(Cake\Database\Connection), true)
#7 C:\xampp\htdocs\cakephp_dhtmlx\vendor\cakephp\cakephp\src\ORM\Table.php(439): Cake\Database\Connection->schemaCollection()
#8 C:\xampp\htdocs\cakephp_dhtmlx\vendor\cakephp\cakephp\src\ORM\Query.php(210): Cake\ORM\Table->schema()
#9 C:\xampp\htdocs\cakephp_dhtmlx\vendor\cakephp\cakephp\src\ORM\Query.php(167): Cake\ORM\Query->addDefaultTypes(Object(App\Model\Table\SchedulerEventTable))
#10 C:\xampp\htdocs\cakephp_dhtmlx\vendor\cakephp\cakephp\src\ORM\Table.php(1336): Cake\ORM\Query->__construct(Object(Cake\Database\Connection), Object(App\Model\Table\SchedulerEventTable))
#11 C:\xampp\htdocs\cakephp_dhtmlx\vendor\cakephp\cakephp\src\ORM\Table.php(964): Cake\ORM\Table->query()
#12 C:\xampp\htdocs\cakephp_dhtmlx\vendor\dhtmlx\connector-php\codebase\Dhtmlx\Connector\DataStorage\PHPCakeDBDataWrapper.php(12): Cake\ORM\Table->find('all')
#13 C:\xampp\htdocs\cakephp_dhtmlx\vendor\dhtmlx\connector-php\codebase\Dhtmlx\Connector\Connector.php(273): Dhtmlx\Connector\DataStorage\PHPCakeDBDataWrapper->select(Object(Dhtmlx\Connector\Data\DataRequestConfig))
#14 C:\xampp\htdocs\cakephp_dhtmlx\vendor\dhtmlx\connector-php\codebase\Dhtmlx\Connector\Connector.php(253): Dhtmlx\Connector\Connector->get_resource()
#15 C:\xampp\htdocs\cakephp_dhtmlx\src\Controller\SchedulerController.php(18): Dhtmlx\Connector\Connector->render()
#16 [internal function]: App\Controller\SchedulerController->data()
#17 C:\xampp\htdocs\cakephp_dhtmlx\vendor\cakephp\cakephp\src\Controller\Controller.php(435): call_user_func_array(Array, Array)
#18 C:\xampp\htdocs\cakephp_dhtmlx\vendor\cakephp\cakephp\src\Http\ActionDispatcher.php(121): Cake\Controller\Controller->invokeAction()
#19 C:\xampp\htdocs\cakephp_dhtmlx\vendor\cakephp\cakephp\src\Http\ActionDispatcher.php(95): Cake\Http\ActionDispatcher->_invoke(Object(App\Controller\SchedulerController))
#20 C:\xampp\htdocs\cakephp_dhtmlx\vendor\cakephp\cakephp\src\Routing\Dispatcher.php(60): Cake\Http\ActionDispatcher->dispatch(Object(Cake\Network\Request), Object(Cake\Network\Response))
#21 C:\xampp\htdocs\cakephp_dhtmlx\webroot\index.php(39): Cake\Routing\Dispatcher->dispatch(Object(Cake\Network\Request), Object(Cake\Network\Response))
#22 {main}


2017-01-11 03:30:33 Error: [PDOException] SQLSTATE[HY000] [1045] Access denied for user 'root'@'localhost' (using password: YES)
Request URL: /cakephp_dhtmlx/scheduler_data?timeshift=240&from=2010-07-01&to=2010-10-01
Referer URL: http://localhost/cakephp_dhtmlx/scheduler
Stack Trace:
#0 C:\xampp\htdocs\cakephp_dhtmlx\vendor\cakephp\cakephp\src\Database\Driver\PDODriverTrait.php(48): PDO->__construct('mysql:host=loca...', 'root', 'root', Array)
#1 C:\xampp\htdocs\cakephp_dhtmlx\vendor\cakephp\cakephp\src\Database\Driver\Mysql.php(104): Cake\Database\Driver\Mysql->_connect('mysql:host=loca...', Array)
#2 C:\xampp\htdocs\cakephp_dhtmlx\vendor\cakephp\cakephp\src\Database\Schema\BaseSchema.php(45): Cake\Database\Driver\Mysql->connect()
#3 C:\xampp\htdocs\cakephp_dhtmlx\vendor\cakephp\cakephp\src\Database\Dialect\MysqlDialectTrait.php(63): Cake\Database\Schema\BaseSchema->__construct(Object(Cake\Database\Driver\Mysql))
#4 C:\xampp\htdocs\cakephp_dhtmlx\vendor\cakephp\cakephp\src\Database\Schema\Collection.php(52): Cake\Database\Driver\Mysql->schemaDialect()
#5 C:\xampp\htdocs\cakephp_dhtmlx\vendor\cakephp\cakephp\src\Database\Schema\CachedCollection.php(42): Cake\Database\Schema\Collection->__construct(Object(Cake\Database\Connection))
#6 C:\xampp\htdocs\cakephp_dhtmlx\vendor\cakephp\cakephp\src\Database\Connection.php(322): Cake\Database\Schema\CachedCollection->__construct(Object(Cake\Database\Connection), true)
#7 C:\xampp\htdocs\cakephp_dhtmlx\vendor\cakephp\cakephp\src\ORM\Table.php(439): Cake\Database\Connection->schemaCollection()
#8 C:\xampp\htdocs\cakephp_dhtmlx\vendor\cakephp\cakephp\src\ORM\Query.php(210): Cake\ORM\Table->schema()
#9 C:\xampp\htdocs\cakephp_dhtmlx\vendor\cakephp\cakephp\src\ORM\Query.php(167): Cake\ORM\Query->addDefaultTypes(Object(App\Model\Table\SchedulerEventTable))
#10 C:\xampp\htdocs\cakephp_dhtmlx\vendor\cakephp\cakephp\src\ORM\Table.php(1336): Cake\ORM\Query->__construct(Object(Cake\Database\Connection), Object(App\Model\Table\SchedulerEventTable))
#11 C:\xampp\htdocs\cakephp_dhtmlx\vendor\cakephp\cakephp\src\ORM\Table.php(964): Cake\ORM\Table->query()
#12 C:\xampp\htdocs\cakephp_dhtmlx\vendor\dhtmlx\connector-php\codebase\Dhtmlx\Connector\DataStorage\PHPCakeDBDataWrapper.php(12): Cake\ORM\Table->find('all')
#13 C:\xampp\htdocs\cakephp_dhtmlx\vendor\dhtmlx\connector-php\codebase\Dhtmlx\Connector\Connector.php(273): Dhtmlx\Connector\DataStorage\PHPCakeDBDataWrapper->select(Object(Dhtmlx\Connector\Data\DataRequestConfig))
#14 C:\xampp\htdocs\cakephp_dhtmlx\vendor\dhtmlx\connector-php\codebase\Dhtmlx\Connector\Connector.php(253): Dhtmlx\Connector\Connector->get_resource()
#15 C:\xampp\htdocs\cakephp_dhtmlx\src\Controller\SchedulerController.php(18): Dhtmlx\Connector\Connector->render()
#16 [internal function]: App\Controller\SchedulerController->data()
#17 C:\xampp\htdocs\cakephp_dhtmlx\vendor\cakephp\cakephp\src\Controller\Controller.php(435): call_user_func_array(Array, Array)
#18 C:\xampp\htdocs\cakephp_dhtmlx\vendor\cakephp\cakephp\src\Http\ActionDispatcher.php(121): Cake\Controller\Controller->invokeAction()
#19 C:\xampp\htdocs\cakephp_dhtmlx\vendor\cakephp\cakephp\src\Http\ActionDispatcher.php(95): Cake\Http\ActionDispatcher->_invoke(Object(App\Controller\SchedulerController))
#20 C:\xampp\htdocs\cakephp_dhtmlx\vendor\cakephp\cakephp\src\Routing\Dispatcher.php(60): Cake\Http\ActionDispatcher->dispatch(Object(Cake\Network\Request), Object(Cake\Network\Response))
#21 C:\xampp\htdocs\cakephp_dhtmlx\webroot\index.php(39): Cake\Routing\Dispatcher->dispatch(Object(Cake\Network\Request), Object(Cake\Network\Response))
#22 {main}


2017-01-11 03:31:58 Error: [PDOException] SQLSTATE[HY000] [1045] Access denied for user 'root'@'localhost' (using password: YES)
Request URL: /cakephp_dhtmlx/grid_data?dhxr1484105516871=1
Referer URL: http://localhost/cakephp_dhtmlx/grid
Stack Trace:
#0 C:\xampp\htdocs\cakephp_dhtmlx\vendor\cakephp\cakephp\src\Database\Driver\PDODriverTrait.php(48): PDO->__construct('mysql:host=loca...', 'root', 'root', Array)
#1 C:\xampp\htdocs\cakephp_dhtmlx\vendor\cakephp\cakephp\src\Database\Driver\Mysql.php(104): Cake\Database\Driver\Mysql->_connect('mysql:host=loca...', Array)
#2 C:\xampp\htdocs\cakephp_dhtmlx\vendor\cakephp\cakephp\src\Database\Schema\BaseSchema.php(45): Cake\Database\Driver\Mysql->connect()
#3 C:\xampp\htdocs\cakephp_dhtmlx\vendor\cakephp\cakephp\src\Database\Dialect\MysqlDialectTrait.php(63): Cake\Database\Schema\BaseSchema->__construct(Object(Cake\Database\Driver\Mysql))
#4 C:\xampp\htdocs\cakephp_dhtmlx\vendor\cakephp\cakephp\src\Database\Schema\Collection.php(52): Cake\Database\Driver\Mysql->schemaDialect()
#5 C:\xampp\htdocs\cakephp_dhtmlx\vendor\cakephp\cakephp\src\Database\Schema\CachedCollection.php(42): Cake\Database\Schema\Collection->__construct(Object(Cake\Database\Connection))
#6 C:\xampp\htdocs\cakephp_dhtmlx\vendor\cakephp\cakephp\src\Database\Connection.php(322): Cake\Database\Schema\CachedCollection->__construct(Object(Cake\Database\Connection), true)
#7 C:\xampp\htdocs\cakephp_dhtmlx\vendor\cakephp\cakephp\src\ORM\Table.php(439): Cake\Database\Connection->schemaCollection()
#8 C:\xampp\htdocs\cakephp_dhtmlx\vendor\cakephp\cakephp\src\ORM\Query.php(210): Cake\ORM\Table->schema()
#9 C:\xampp\htdocs\cakephp_dhtmlx\vendor\cakephp\cakephp\src\ORM\Query.php(167): Cake\ORM\Query->addDefaultTypes(Object(App\Model\Table\SchedulerEventTable))
#10 C:\xampp\htdocs\cakephp_dhtmlx\vendor\cakephp\cakephp\src\ORM\Table.php(1336): Cake\ORM\Query->__construct(Object(Cake\Database\Connection), Object(App\Model\Table\SchedulerEventTable))
#11 C:\xampp\htdocs\cakephp_dhtmlx\vendor\cakephp\cakephp\src\ORM\Table.php(964): Cake\ORM\Table->query()
#12 C:\xampp\htdocs\cakephp_dhtmlx\vendor\dhtmlx\connector-php\codebase\Dhtmlx\Connector\DataStorage\PHPCakeDBDataWrapper.php(12): Cake\ORM\Table->find('all')
#13 C:\xampp\htdocs\cakephp_dhtmlx\vendor\dhtmlx\connector-php\codebase\Dhtmlx\Connector\Connector.php(273): Dhtmlx\Connector\DataStorage\PHPCakeDBDataWrapper->select(Object(Dhtmlx\Connector\Data\DataRequestConfig))
#14 C:\xampp\htdocs\cakephp_dhtmlx\vendor\dhtmlx\connector-php\codebase\Dhtmlx\Connector\Connector.php(253): Dhtmlx\Connector\Connector->get_resource()
#15 C:\xampp\htdocs\cakephp_dhtmlx\src\Controller\GridController.php(17): Dhtmlx\Connector\Connector->render()
#16 [internal function]: App\Controller\GridController->data()
#17 C:\xampp\htdocs\cakephp_dhtmlx\vendor\cakephp\cakephp\src\Controller\Controller.php(435): call_user_func_array(Array, Array)
#18 C:\xampp\htdocs\cakephp_dhtmlx\vendor\cakephp\cakephp\src\Http\ActionDispatcher.php(121): Cake\Controller\Controller->invokeAction()
#19 C:\xampp\htdocs\cakephp_dhtmlx\vendor\cakephp\cakephp\src\Http\ActionDispatcher.php(95): Cake\Http\ActionDispatcher->_invoke(Object(App\Controller\GridController))
#20 C:\xampp\htdocs\cakephp_dhtmlx\vendor\cakephp\cakephp\src\Routing\Dispatcher.php(60): Cake\Http\ActionDispatcher->dispatch(Object(Cake\Network\Request), Object(Cake\Network\Response))
#21 C:\xampp\htdocs\cakephp_dhtmlx\webroot\index.php(39): Cake\Routing\Dispatcher->dispatch(Object(Cake\Network\Request), Object(Cake\Network\Response))
#22 {main}


2017-01-11 03:32:54 Error: [PDOException] SQLSTATE[HY000] [1045] Access denied for user 'root'@'localhost' (using password: YES)
Request URL: /cakephp_dhtmlx/gantt_data
Referer URL: http://localhost/cakephp_dhtmlx/gantt
Stack Trace:
#0 C:\xampp\htdocs\cakephp_dhtmlx\vendor\cakephp\cakephp\src\Database\Driver\PDODriverTrait.php(48): PDO->__construct('mysql:host=loca...', 'root', 'root', Array)
#1 C:\xampp\htdocs\cakephp_dhtmlx\vendor\cakephp\cakephp\src\Database\Driver\Mysql.php(104): Cake\Database\Driver\Mysql->_connect('mysql:host=loca...', Array)
#2 C:\xampp\htdocs\cakephp_dhtmlx\vendor\cakephp\cakephp\src\Database\Schema\BaseSchema.php(45): Cake\Database\Driver\Mysql->connect()
#3 C:\xampp\htdocs\cakephp_dhtmlx\vendor\cakephp\cakephp\src\Database\Dialect\MysqlDialectTrait.php(63): Cake\Database\Schema\BaseSchema->__construct(Object(Cake\Database\Driver\Mysql))
#4 C:\xampp\htdocs\cakephp_dhtmlx\vendor\cakephp\cakephp\src\Database\Schema\Collection.php(52): Cake\Database\Driver\Mysql->schemaDialect()
#5 C:\xampp\htdocs\cakephp_dhtmlx\vendor\cakephp\cakephp\src\Database\Schema\CachedCollection.php(42): Cake\Database\Schema\Collection->__construct(Object(Cake\Database\Connection))
#6 C:\xampp\htdocs\cakephp_dhtmlx\vendor\cakephp\cakephp\src\Database\Connection.php(322): Cake\Database\Schema\CachedCollection->__construct(Object(Cake\Database\Connection), true)
#7 C:\xampp\htdocs\cakephp_dhtmlx\vendor\cakephp\cakephp\src\ORM\Table.php(439): Cake\Database\Connection->schemaCollection()
#8 C:\xampp\htdocs\cakephp_dhtmlx\vendor\cakephp\cakephp\src\ORM\Query.php(210): Cake\ORM\Table->schema()
#9 C:\xampp\htdocs\cakephp_dhtmlx\vendor\cakephp\cakephp\src\ORM\Query.php(167): Cake\ORM\Query->addDefaultTypes(Object(App\Model\Table\GanttTaskTable))
#10 C:\xampp\htdocs\cakephp_dhtmlx\vendor\cakephp\cakephp\src\ORM\Table.php(1336): Cake\ORM\Query->__construct(Object(Cake\Database\Connection), Object(App\Model\Table\GanttTaskTable))
#11 C:\xampp\htdocs\cakephp_dhtmlx\vendor\cakephp\cakephp\src\ORM\Table.php(964): Cake\ORM\Table->query()
#12 C:\xampp\htdocs\cakephp_dhtmlx\vendor\dhtmlx\connector-php\codebase\Dhtmlx\Connector\DataStorage\PHPCakeDBDataWrapper.php(12): Cake\ORM\Table->find('all')
#13 C:\xampp\htdocs\cakephp_dhtmlx\vendor\dhtmlx\connector-php\codebase\Dhtmlx\Connector\Connector.php(273): Dhtmlx\Connector\DataStorage\PHPCakeDBDataWrapper->select(Object(Dhtmlx\Connector\Data\DataRequestConfig))
#14 C:\xampp\htdocs\cakephp_dhtmlx\vendor\dhtmlx\connector-php\codebase\Dhtmlx\Connector\GanttConnector.php(160): Dhtmlx\Connector\Connector->get_resource()
#15 C:\xampp\htdocs\cakephp_dhtmlx\vendor\dhtmlx\connector-php\codebase\Dhtmlx\Connector\Connector.php(149): Dhtmlx\Connector\GanttConnector->render()
#16 C:\xampp\htdocs\cakephp_dhtmlx\src\Controller\GanttController.php(17): Dhtmlx\Connector\Connector->render_table(Object(App\Model\Table\GanttTaskTable), 'id', 'start_date,dura...')
#17 [internal function]: App\Controller\GanttController->data()
#18 C:\xampp\htdocs\cakephp_dhtmlx\vendor\cakephp\cakephp\src\Controller\Controller.php(435): call_user_func_array(Array, Array)
#19 C:\xampp\htdocs\cakephp_dhtmlx\vendor\cakephp\cakephp\src\Http\ActionDispatcher.php(121): Cake\Controller\Controller->invokeAction()
#20 C:\xampp\htdocs\cakephp_dhtmlx\vendor\cakephp\cakephp\src\Http\ActionDispatcher.php(95): Cake\Http\ActionDispatcher->_invoke(Object(App\Controller\GanttController))
#21 C:\xampp\htdocs\cakephp_dhtmlx\vendor\cakephp\cakephp\src\Routing\Dispatcher.php(60): Cake\Http\ActionDispatcher->dispatch(Object(Cake\Network\Request), Object(Cake\Network\Response))
#22 C:\xampp\htdocs\cakephp_dhtmlx\webroot\index.php(39): Cake\Routing\Dispatcher->dispatch(Object(Cake\Network\Request), Object(Cake\Network\Response))
#23 {main}


2017-01-11 03:34:52 Error: [PDOException] SQLSTATE[HY000] [1045] Access denied for user 'root'@'localhost' (using password: YES)
Request URL: /cakephp_dhtmlx/scheduler_data?timeshift=240&from=2010-07-01&to=2010-10-01
Referer URL: http://localhost/cakephp_dhtmlx/scheduler
Stack Trace:
#0 C:\xampp\htdocs\cakephp_dhtmlx\vendor\cakephp\cakephp\src\Database\Driver\PDODriverTrait.php(48): PDO->__construct('mysql:host=loca...', 'root', 'root', Array)
#1 C:\xampp\htdocs\cakephp_dhtmlx\vendor\cakephp\cakephp\src\Database\Driver\Mysql.php(104): Cake\Database\Driver\Mysql->_connect('mysql:host=loca...', Array)
#2 C:\xampp\htdocs\cakephp_dhtmlx\vendor\cakephp\cakephp\src\Database\Schema\BaseSchema.php(45): Cake\Database\Driver\Mysql->connect()
#3 C:\xampp\htdocs\cakephp_dhtmlx\vendor\cakephp\cakephp\src\Database\Dialect\MysqlDialectTrait.php(63): Cake\Database\Schema\BaseSchema->__construct(Object(Cake\Database\Driver\Mysql))
#4 C:\xampp\htdocs\cakephp_dhtmlx\vendor\cakephp\cakephp\src\Database\Schema\Collection.php(52): Cake\Database\Driver\Mysql->schemaDialect()
#5 C:\xampp\htdocs\cakephp_dhtmlx\vendor\cakephp\cakephp\src\Database\Schema\CachedCollection.php(42): Cake\Database\Schema\Collection->__construct(Object(Cake\Database\Connection))
#6 C:\xampp\htdocs\cakephp_dhtmlx\vendor\cakephp\cakephp\src\Database\Connection.php(322): Cake\Database\Schema\CachedCollection->__construct(Object(Cake\Database\Connection), true)
#7 C:\xampp\htdocs\cakephp_dhtmlx\vendor\cakephp\cakephp\src\ORM\Table.php(439): Cake\Database\Connection->schemaCollection()
#8 C:\xampp\htdocs\cakephp_dhtmlx\vendor\cakephp\cakephp\src\ORM\Query.php(210): Cake\ORM\Table->schema()
#9 C:\xampp\htdocs\cakephp_dhtmlx\vendor\cakephp\cakephp\src\ORM\Query.php(167): Cake\ORM\Query->addDefaultTypes(Object(App\Model\Table\SchedulerEventTable))
#10 C:\xampp\htdocs\cakephp_dhtmlx\vendor\cakephp\cakephp\src\ORM\Table.php(1336): Cake\ORM\Query->__construct(Object(Cake\Database\Connection), Object(App\Model\Table\SchedulerEventTable))
#11 C:\xampp\htdocs\cakephp_dhtmlx\vendor\cakephp\cakephp\src\ORM\Table.php(964): Cake\ORM\Table->query()
#12 C:\xampp\htdocs\cakephp_dhtmlx\vendor\dhtmlx\connector-php\codebase\Dhtmlx\Connector\DataStorage\PHPCakeDBDataWrapper.php(12): Cake\ORM\Table->find('all')
#13 C:\xampp\htdocs\cakephp_dhtmlx\vendor\dhtmlx\connector-php\codebase\Dhtmlx\Connector\Connector.php(273): Dhtmlx\Connector\DataStorage\PHPCakeDBDataWrapper->select(Object(Dhtmlx\Connector\Data\DataRequestConfig))
#14 C:\xampp\htdocs\cakephp_dhtmlx\vendor\dhtmlx\connector-php\codebase\Dhtmlx\Connector\Connector.php(253): Dhtmlx\Connector\Connector->get_resource()
#15 C:\xampp\htdocs\cakephp_dhtmlx\src\Controller\SchedulerController.php(18): Dhtmlx\Connector\Connector->render()
#16 [internal function]: App\Controller\SchedulerController->data()
#17 C:\xampp\htdocs\cakephp_dhtmlx\vendor\cakephp\cakephp\src\Controller\Controller.php(435): call_user_func_array(Array, Array)
#18 C:\xampp\htdocs\cakephp_dhtmlx\vendor\cakephp\cakephp\src\Http\ActionDispatcher.php(121): Cake\Controller\Controller->invokeAction()
#19 C:\xampp\htdocs\cakephp_dhtmlx\vendor\cakephp\cakephp\src\Http\ActionDispatcher.php(95): Cake\Http\ActionDispatcher->_invoke(Object(App\Controller\SchedulerController))
#20 C:\xampp\htdocs\cakephp_dhtmlx\vendor\cakephp\cakephp\src\Routing\Dispatcher.php(60): Cake\Http\ActionDispatcher->dispatch(Object(Cake\Network\Request), Object(Cake\Network\Response))
#21 C:\xampp\htdocs\cakephp_dhtmlx\webroot\index.php(39): Cake\Routing\Dispatcher->dispatch(Object(Cake\Network\Request), Object(Cake\Network\Response))
#22 {main}


2017-01-11 03:34:58 Error: [PDOException] SQLSTATE[HY000] [1045] Access denied for user 'root'@'localhost' (using password: YES)
Request URL: /cakephp_dhtmlx/scheduler_data?timeshift=240&from=2017-01-01&to=2017-02-01
Referer URL: http://localhost/cakephp_dhtmlx/scheduler
Stack Trace:
#0 C:\xampp\htdocs\cakephp_dhtmlx\vendor\cakephp\cakephp\src\Database\Driver\PDODriverTrait.php(48): PDO->__construct('mysql:host=loca...', 'root', 'root', Array)
#1 C:\xampp\htdocs\cakephp_dhtmlx\vendor\cakephp\cakephp\src\Database\Driver\Mysql.php(104): Cake\Database\Driver\Mysql->_connect('mysql:host=loca...', Array)
#2 C:\xampp\htdocs\cakephp_dhtmlx\vendor\cakephp\cakephp\src\Database\Schema\BaseSchema.php(45): Cake\Database\Driver\Mysql->connect()
#3 C:\xampp\htdocs\cakephp_dhtmlx\vendor\cakephp\cakephp\src\Database\Dialect\MysqlDialectTrait.php(63): Cake\Database\Schema\BaseSchema->__construct(Object(Cake\Database\Driver\Mysql))
#4 C:\xampp\htdocs\cakephp_dhtmlx\vendor\cakephp\cakephp\src\Database\Schema\Collection.php(52): Cake\Database\Driver\Mysql->schemaDialect()
#5 C:\xampp\htdocs\cakephp_dhtmlx\vendor\cakephp\cakephp\src\Database\Schema\CachedCollection.php(42): Cake\Database\Schema\Collection->__construct(Object(Cake\Database\Connection))
#6 C:\xampp\htdocs\cakephp_dhtmlx\vendor\cakephp\cakephp\src\Database\Connection.php(322): Cake\Database\Schema\CachedCollection->__construct(Object(Cake\Database\Connection), true)
#7 C:\xampp\htdocs\cakephp_dhtmlx\vendor\cakephp\cakephp\src\ORM\Table.php(439): Cake\Database\Connection->schemaCollection()
#8 C:\xampp\htdocs\cakephp_dhtmlx\vendor\cakephp\cakephp\src\ORM\Query.php(210): Cake\ORM\Table->schema()
#9 C:\xampp\htdocs\cakephp_dhtmlx\vendor\cakephp\cakephp\src\ORM\Query.php(167): Cake\ORM\Query->addDefaultTypes(Object(App\Model\Table\SchedulerEventTable))
#10 C:\xampp\htdocs\cakephp_dhtmlx\vendor\cakephp\cakephp\src\ORM\Table.php(1336): Cake\ORM\Query->__construct(Object(Cake\Database\Connection), Object(App\Model\Table\SchedulerEventTable))
#11 C:\xampp\htdocs\cakephp_dhtmlx\vendor\cakephp\cakephp\src\ORM\Table.php(964): Cake\ORM\Table->query()
#12 C:\xampp\htdocs\cakephp_dhtmlx\vendor\dhtmlx\connector-php\codebase\Dhtmlx\Connector\DataStorage\PHPCakeDBDataWrapper.php(12): Cake\ORM\Table->find('all')
#13 C:\xampp\htdocs\cakephp_dhtmlx\vendor\dhtmlx\connector-php\codebase\Dhtmlx\Connector\Connector.php(273): Dhtmlx\Connector\DataStorage\PHPCakeDBDataWrapper->select(Object(Dhtmlx\Connector\Data\DataRequestConfig))
#14 C:\xampp\htdocs\cakephp_dhtmlx\vendor\dhtmlx\connector-php\codebase\Dhtmlx\Connector\Connector.php(253): Dhtmlx\Connector\Connector->get_resource()
#15 C:\xampp\htdocs\cakephp_dhtmlx\src\Controller\SchedulerController.php(18): Dhtmlx\Connector\Connector->render()
#16 [internal function]: App\Controller\SchedulerController->data()
#17 C:\xampp\htdocs\cakephp_dhtmlx\vendor\cakephp\cakephp\src\Controller\Controller.php(435): call_user_func_array(Array, Array)
#18 C:\xampp\htdocs\cakephp_dhtmlx\vendor\cakephp\cakephp\src\Http\ActionDispatcher.php(121): Cake\Controller\Controller->invokeAction()
#19 C:\xampp\htdocs\cakephp_dhtmlx\vendor\cakephp\cakephp\src\Http\ActionDispatcher.php(95): Cake\Http\ActionDispatcher->_invoke(Object(App\Controller\SchedulerController))
#20 C:\xampp\htdocs\cakephp_dhtmlx\vendor\cakephp\cakephp\src\Routing\Dispatcher.php(60): Cake\Http\ActionDispatcher->dispatch(Object(Cake\Network\Request), Object(Cake\Network\Response))
#21 C:\xampp\htdocs\cakephp_dhtmlx\webroot\index.php(39): Cake\Routing\Dispatcher->dispatch(Object(Cake\Network\Request), Object(Cake\Network\Response))
#22 {main}


2017-01-11 03:40:45 Error: [PDOException] SQLSTATE[HY000] [1045] Access denied for user 'root'@'localhost' (using password: YES)
Request URL: /cakephp_dhtmlx/scheduler_data?timeshift=240&from=2010-07-01&to=2010-10-01
Referer URL: http://localhost/cakephp_dhtmlx/scheduler
Stack Trace:
#0 C:\xampp\htdocs\cakephp_dhtmlx\vendor\cakephp\cakephp\src\Database\Driver\PDODriverTrait.php(48): PDO->__construct('mysql:host=loca...', 'root', 'root', Array)
#1 C:\xampp\htdocs\cakephp_dhtmlx\vendor\cakephp\cakephp\src\Database\Driver\Mysql.php(104): Cake\Database\Driver\Mysql->_connect('mysql:host=loca...', Array)
#2 C:\xampp\htdocs\cakephp_dhtmlx\vendor\cakephp\cakephp\src\Database\Schema\BaseSchema.php(45): Cake\Database\Driver\Mysql->connect()
#3 C:\xampp\htdocs\cakephp_dhtmlx\vendor\cakephp\cakephp\src\Database\Dialect\MysqlDialectTrait.php(63): Cake\Database\Schema\BaseSchema->__construct(Object(Cake\Database\Driver\Mysql))
#4 C:\xampp\htdocs\cakephp_dhtmlx\vendor\cakephp\cakephp\src\Database\Schema\Collection.php(52): Cake\Database\Driver\Mysql->schemaDialect()
#5 C:\xampp\htdocs\cakephp_dhtmlx\vendor\cakephp\cakephp\src\Database\Schema\CachedCollection.php(42): Cake\Database\Schema\Collection->__construct(Object(Cake\Database\Connection))
#6 C:\xampp\htdocs\cakephp_dhtmlx\vendor\cakephp\cakephp\src\Database\Connection.php(322): Cake\Database\Schema\CachedCollection->__construct(Object(Cake\Database\Connection), true)
#7 C:\xampp\htdocs\cakephp_dhtmlx\vendor\cakephp\cakephp\src\ORM\Table.php(439): Cake\Database\Connection->schemaCollection()
#8 C:\xampp\htdocs\cakephp_dhtmlx\vendor\cakephp\cakephp\src\ORM\Query.php(210): Cake\ORM\Table->schema()
#9 C:\xampp\htdocs\cakephp_dhtmlx\vendor\cakephp\cakephp\src\ORM\Query.php(167): Cake\ORM\Query->addDefaultTypes(Object(App\Model\Table\SchedulerEventTable))
#10 C:\xampp\htdocs\cakephp_dhtmlx\vendor\cakephp\cakephp\src\ORM\Table.php(1336): Cake\ORM\Query->__construct(Object(Cake\Database\Connection), Object(App\Model\Table\SchedulerEventTable))
#11 C:\xampp\htdocs\cakephp_dhtmlx\vendor\cakephp\cakephp\src\ORM\Table.php(964): Cake\ORM\Table->query()
#12 C:\xampp\htdocs\cakephp_dhtmlx\vendor\dhtmlx\connector-php\codebase\Dhtmlx\Connector\DataStorage\PHPCakeDBDataWrapper.php(12): Cake\ORM\Table->find('all')
#13 C:\xampp\htdocs\cakephp_dhtmlx\vendor\dhtmlx\connector-php\codebase\Dhtmlx\Connector\Connector.php(273): Dhtmlx\Connector\DataStorage\PHPCakeDBDataWrapper->select(Object(Dhtmlx\Connector\Data\DataRequestConfig))
#14 C:\xampp\htdocs\cakephp_dhtmlx\vendor\dhtmlx\connector-php\codebase\Dhtmlx\Connector\Connector.php(253): Dhtmlx\Connector\Connector->get_resource()
#15 C:\xampp\htdocs\cakephp_dhtmlx\src\Controller\SchedulerController.php(18): Dhtmlx\Connector\Connector->render()
#16 [internal function]: App\Controller\SchedulerController->data()
#17 C:\xampp\htdocs\cakephp_dhtmlx\vendor\cakephp\cakephp\src\Controller\Controller.php(435): call_user_func_array(Array, Array)
#18 C:\xampp\htdocs\cakephp_dhtmlx\vendor\cakephp\cakephp\src\Http\ActionDispatcher.php(121): Cake\Controller\Controller->invokeAction()
#19 C:\xampp\htdocs\cakephp_dhtmlx\vendor\cakephp\cakephp\src\Http\ActionDispatcher.php(95): Cake\Http\ActionDispatcher->_invoke(Object(App\Controller\SchedulerController))
#20 C:\xampp\htdocs\cakephp_dhtmlx\vendor\cakephp\cakephp\src\Routing\Dispatcher.php(60): Cake\Http\ActionDispatcher->dispatch(Object(Cake\Network\Request), Object(Cake\Network\Response))
#21 C:\xampp\htdocs\cakephp_dhtmlx\webroot\index.php(39): Cake\Routing\Dispatcher->dispatch(Object(Cake\Network\Request), Object(Cake\Network\Response))
#22 {main}


2017-01-11 03:53:11 Error: [PDOException] SQLSTATE[HY000] [1045] Access denied for user 'root'@'localhost' (using password: YES)
Request URL: /cakephp_dhtmlx/scheduler_data?timeshift=240&from=2010-07-01&to=2010-10-01
Referer URL: http://localhost/cakephp_dhtmlx/scheduler
Stack Trace:
#0 C:\xampp\htdocs\cakephp_dhtmlx\vendor\cakephp\cakephp\src\Database\Driver\PDODriverTrait.php(48): PDO->__construct('mysql:host=loca...', 'root', 'root', Array)
#1 C:\xampp\htdocs\cakephp_dhtmlx\vendor\cakephp\cakephp\src\Database\Driver\Mysql.php(104): Cake\Database\Driver\Mysql->_connect('mysql:host=loca...', Array)
#2 C:\xampp\htdocs\cakephp_dhtmlx\vendor\cakephp\cakephp\src\Database\Schema\BaseSchema.php(45): Cake\Database\Driver\Mysql->connect()
#3 C:\xampp\htdocs\cakephp_dhtmlx\vendor\cakephp\cakephp\src\Database\Dialect\MysqlDialectTrait.php(63): Cake\Database\Schema\BaseSchema->__construct(Object(Cake\Database\Driver\Mysql))
#4 C:\xampp\htdocs\cakephp_dhtmlx\vendor\cakephp\cakephp\src\Database\Schema\Collection.php(52): Cake\Database\Driver\Mysql->schemaDialect()
#5 C:\xampp\htdocs\cakephp_dhtmlx\vendor\cakephp\cakephp\src\Database\Schema\CachedCollection.php(42): Cake\Database\Schema\Collection->__construct(Object(Cake\Database\Connection))
#6 C:\xampp\htdocs\cakephp_dhtmlx\vendor\cakephp\cakephp\src\Database\Connection.php(322): Cake\Database\Schema\CachedCollection->__construct(Object(Cake\Database\Connection), true)
#7 C:\xampp\htdocs\cakephp_dhtmlx\vendor\cakephp\cakephp\src\ORM\Table.php(439): Cake\Database\Connection->schemaCollection()
#8 C:\xampp\htdocs\cakephp_dhtmlx\vendor\cakephp\cakephp\src\ORM\Query.php(210): Cake\ORM\Table->schema()
#9 C:\xampp\htdocs\cakephp_dhtmlx\vendor\cakephp\cakephp\src\ORM\Query.php(167): Cake\ORM\Query->addDefaultTypes(Object(App\Model\Table\SchedulerEventTable))
#10 C:\xampp\htdocs\cakephp_dhtmlx\vendor\cakephp\cakephp\src\ORM\Table.php(1336): Cake\ORM\Query->__construct(Object(Cake\Database\Connection), Object(App\Model\Table\SchedulerEventTable))
#11 C:\xampp\htdocs\cakephp_dhtmlx\vendor\cakephp\cakephp\src\ORM\Table.php(964): Cake\ORM\Table->query()
#12 C:\xampp\htdocs\cakephp_dhtmlx\vendor\dhtmlx\connector-php\codebase\Dhtmlx\Connector\DataStorage\PHPCakeDBDataWrapper.php(12): Cake\ORM\Table->find('all')
#13 C:\xampp\htdocs\cakephp_dhtmlx\vendor\dhtmlx\connector-php\codebase\Dhtmlx\Connector\Connector.php(273): Dhtmlx\Connector\DataStorage\PHPCakeDBDataWrapper->select(Object(Dhtmlx\Connector\Data\DataRequestConfig))
#14 C:\xampp\htdocs\cakephp_dhtmlx\vendor\dhtmlx\connector-php\codebase\Dhtmlx\Connector\Connector.php(253): Dhtmlx\Connector\Connector->get_resource()
#15 C:\xampp\htdocs\cakephp_dhtmlx\src\Controller\SchedulerController.php(18): Dhtmlx\Connector\Connector->render()
#16 [internal function]: App\Controller\SchedulerController->data()
#17 C:\xampp\htdocs\cakephp_dhtmlx\vendor\cakephp\cakephp\src\Controller\Controller.php(435): call_user_func_array(Array, Array)
#18 C:\xampp\htdocs\cakephp_dhtmlx\vendor\cakephp\cakephp\src\Http\ActionDispatcher.php(121): Cake\Controller\Controller->invokeAction()
#19 C:\xampp\htdocs\cakephp_dhtmlx\vendor\cakephp\cakephp\src\Http\ActionDispatcher.php(95): Cake\Http\ActionDispatcher->_invoke(Object(App\Controller\SchedulerController))
#20 C:\xampp\htdocs\cakephp_dhtmlx\vendor\cakephp\cakephp\src\Routing\Dispatcher.php(60): Cake\Http\ActionDispatcher->dispatch(Object(Cake\Network\Request), Object(Cake\Network\Response))
#21 C:\xampp\htdocs\cakephp_dhtmlx\webroot\index.php(39): Cake\Routing\Dispatcher->dispatch(Object(Cake\Network\Request), Object(Cake\Network\Response))
#22 {main}


2017-01-13 23:03:38 Error: [PDOException] SQLSTATE[HY000] [1045] Access denied for user 'root'@'localhost' (using password: YES)
Request URL: /cakephp_dhtmlx/grid_data?dhxr1484348616386=1
Referer URL: http://localhost/cakephp_dhtmlx/grid
Stack Trace:
#0 C:\xampp\htdocs\cakephp_dhtmlx\vendor\cakephp\cakephp\src\Database\Driver\PDODriverTrait.php(48): PDO->__construct('mysql:host=loca...', 'root', 'root', Array)
#1 C:\xampp\htdocs\cakephp_dhtmlx\vendor\cakephp\cakephp\src\Database\Driver\Mysql.php(104): Cake\Database\Driver\Mysql->_connect('mysql:host=loca...', Array)
#2 C:\xampp\htdocs\cakephp_dhtmlx\vendor\cakephp\cakephp\src\Database\Schema\BaseSchema.php(45): Cake\Database\Driver\Mysql->connect()
#3 C:\xampp\htdocs\cakephp_dhtmlx\vendor\cakephp\cakephp\src\Database\Dialect\MysqlDialectTrait.php(63): Cake\Database\Schema\BaseSchema->__construct(Object(Cake\Database\Driver\Mysql))
#4 C:\xampp\htdocs\cakephp_dhtmlx\vendor\cakephp\cakephp\src\Database\Schema\Collection.php(52): Cake\Database\Driver\Mysql->schemaDialect()
#5 C:\xampp\htdocs\cakephp_dhtmlx\vendor\cakephp\cakephp\src\Database\Schema\CachedCollection.php(42): Cake\Database\Schema\Collection->__construct(Object(Cake\Database\Connection))
#6 C:\xampp\htdocs\cakephp_dhtmlx\vendor\cakephp\cakephp\src\Database\Connection.php(322): Cake\Database\Schema\CachedCollection->__construct(Object(Cake\Database\Connection), true)
#7 C:\xampp\htdocs\cakephp_dhtmlx\vendor\cakephp\cakephp\src\ORM\Table.php(439): Cake\Database\Connection->schemaCollection()
#8 C:\xampp\htdocs\cakephp_dhtmlx\vendor\cakephp\cakephp\src\ORM\Query.php(210): Cake\ORM\Table->schema()
#9 C:\xampp\htdocs\cakephp_dhtmlx\vendor\cakephp\cakephp\src\ORM\Query.php(167): Cake\ORM\Query->addDefaultTypes(Object(App\Model\Table\SchedulerEventTable))
#10 C:\xampp\htdocs\cakephp_dhtmlx\vendor\cakephp\cakephp\src\ORM\Table.php(1336): Cake\ORM\Query->__construct(Object(Cake\Database\Connection), Object(App\Model\Table\SchedulerEventTable))
#11 C:\xampp\htdocs\cakephp_dhtmlx\vendor\cakephp\cakephp\src\ORM\Table.php(964): Cake\ORM\Table->query()
#12 C:\xampp\htdocs\cakephp_dhtmlx\vendor\dhtmlx\connector-php\codebase\Dhtmlx\Connector\DataStorage\PHPCakeDBDataWrapper.php(12): Cake\ORM\Table->find('all')
#13 C:\xampp\htdocs\cakephp_dhtmlx\vendor\dhtmlx\connector-php\codebase\Dhtmlx\Connector\Connector.php(273): Dhtmlx\Connector\DataStorage\PHPCakeDBDataWrapper->select(Object(Dhtmlx\Connector\Data\DataRequestConfig))
#14 C:\xampp\htdocs\cakephp_dhtmlx\vendor\dhtmlx\connector-php\codebase\Dhtmlx\Connector\Connector.php(253): Dhtmlx\Connector\Connector->get_resource()
#15 C:\xampp\htdocs\cakephp_dhtmlx\src\Controller\GridController.php(17): Dhtmlx\Connector\Connector->render()
#16 [internal function]: App\Controller\GridController->data()
#17 C:\xampp\htdocs\cakephp_dhtmlx\vendor\cakephp\cakephp\src\Controller\Controller.php(435): call_user_func_array(Array, Array)
#18 C:\xampp\htdocs\cakephp_dhtmlx\vendor\cakephp\cakephp\src\Http\ActionDispatcher.php(121): Cake\Controller\Controller->invokeAction()
#19 C:\xampp\htdocs\cakephp_dhtmlx\vendor\cakephp\cakephp\src\Http\ActionDispatcher.php(95): Cake\Http\ActionDispatcher->_invoke(Object(App\Controller\GridController))
#20 C:\xampp\htdocs\cakephp_dhtmlx\vendor\cakephp\cakephp\src\Routing\Dispatcher.php(60): Cake\Http\ActionDispatcher->dispatch(Object(Cake\Network\Request), Object(Cake\Network\Response))
#21 C:\xampp\htdocs\cakephp_dhtmlx\webroot\index.php(39): Cake\Routing\Dispatcher->dispatch(Object(Cake\Network\Request), Object(Cake\Network\Response))
#22 {main}


2017-01-13 23:04:15 Error: [PDOException] SQLSTATE[HY000] [1045] Access denied for user 'root'@'localhost' (using password: YES)
Request URL: /cakephp_dhtmlx/scheduler_data?timeshift=240&from=2010-07-01&to=2010-10-01
Referer URL: http://localhost/cakephp_dhtmlx/scheduler
Stack Trace:
#0 C:\xampp\htdocs\cakephp_dhtmlx\vendor\cakephp\cakephp\src\Database\Driver\PDODriverTrait.php(48): PDO->__construct('mysql:host=loca...', 'root', 'root', Array)
#1 C:\xampp\htdocs\cakephp_dhtmlx\vendor\cakephp\cakephp\src\Database\Driver\Mysql.php(104): Cake\Database\Driver\Mysql->_connect('mysql:host=loca...', Array)
#2 C:\xampp\htdocs\cakephp_dhtmlx\vendor\cakephp\cakephp\src\Database\Schema\BaseSchema.php(45): Cake\Database\Driver\Mysql->connect()
#3 C:\xampp\htdocs\cakephp_dhtmlx\vendor\cakephp\cakephp\src\Database\Dialect\MysqlDialectTrait.php(63): Cake\Database\Schema\BaseSchema->__construct(Object(Cake\Database\Driver\Mysql))
#4 C:\xampp\htdocs\cakephp_dhtmlx\vendor\cakephp\cakephp\src\Database\Schema\Collection.php(52): Cake\Database\Driver\Mysql->schemaDialect()
#5 C:\xampp\htdocs\cakephp_dhtmlx\vendor\cakephp\cakephp\src\Database\Schema\CachedCollection.php(42): Cake\Database\Schema\Collection->__construct(Object(Cake\Database\Connection))
#6 C:\xampp\htdocs\cakephp_dhtmlx\vendor\cakephp\cakephp\src\Database\Connection.php(322): Cake\Database\Schema\CachedCollection->__construct(Object(Cake\Database\Connection), true)
#7 C:\xampp\htdocs\cakephp_dhtmlx\vendor\cakephp\cakephp\src\ORM\Table.php(439): Cake\Database\Connection->schemaCollection()
#8 C:\xampp\htdocs\cakephp_dhtmlx\vendor\cakephp\cakephp\src\ORM\Query.php(210): Cake\ORM\Table->schema()
#9 C:\xampp\htdocs\cakephp_dhtmlx\vendor\cakephp\cakephp\src\ORM\Query.php(167): Cake\ORM\Query->addDefaultTypes(Object(App\Model\Table\SchedulerEventTable))
#10 C:\xampp\htdocs\cakephp_dhtmlx\vendor\cakephp\cakephp\src\ORM\Table.php(1336): Cake\ORM\Query->__construct(Object(Cake\Database\Connection), Object(App\Model\Table\SchedulerEventTable))
#11 C:\xampp\htdocs\cakephp_dhtmlx\vendor\cakephp\cakephp\src\ORM\Table.php(964): Cake\ORM\Table->query()
#12 C:\xampp\htdocs\cakephp_dhtmlx\vendor\dhtmlx\connector-php\codebase\Dhtmlx\Connector\DataStorage\PHPCakeDBDataWrapper.php(12): Cake\ORM\Table->find('all')
#13 C:\xampp\htdocs\cakephp_dhtmlx\vendor\dhtmlx\connector-php\codebase\Dhtmlx\Connector\Connector.php(273): Dhtmlx\Connector\DataStorage\PHPCakeDBDataWrapper->select(Object(Dhtmlx\Connector\Data\DataRequestConfig))
#14 C:\xampp\htdocs\cakephp_dhtmlx\vendor\dhtmlx\connector-php\codebase\Dhtmlx\Connector\Connector.php(253): Dhtmlx\Connector\Connector->get_resource()
#15 C:\xampp\htdocs\cakephp_dhtmlx\src\Controller\SchedulerController.php(18): Dhtmlx\Connector\Connector->render()
#16 [internal function]: App\Controller\SchedulerController->data()
#17 C:\xampp\htdocs\cakephp_dhtmlx\vendor\cakephp\cakephp\src\Controller\Controller.php(435): call_user_func_array(Array, Array)
#18 C:\xampp\htdocs\cakephp_dhtmlx\vendor\cakephp\cakephp\src\Http\ActionDispatcher.php(121): Cake\Controller\Controller->invokeAction()
#19 C:\xampp\htdocs\cakephp_dhtmlx\vendor\cakephp\cakephp\src\Http\ActionDispatcher.php(95): Cake\Http\ActionDispatcher->_invoke(Object(App\Controller\SchedulerController))
#20 C:\xampp\htdocs\cakephp_dhtmlx\vendor\cakephp\cakephp\src\Routing\Dispatcher.php(60): Cake\Http\ActionDispatcher->dispatch(Object(Cake\Network\Request), Object(Cake\Network\Response))
#21 C:\xampp\htdocs\cakephp_dhtmlx\webroot\index.php(39): Cake\Routing\Dispatcher->dispatch(Object(Cake\Network\Request), Object(Cake\Network\Response))
#22 {main}


2017-01-13 23:06:05 Error: [PDOException] SQLSTATE[HY000] [1045] Access denied for user 'root'@'localhost' (using password: YES)
Request URL: /cakephp_dhtmlx/scheduler_data?timeshift=240&from=2010-07-01&to=2010-10-01
Referer URL: http://localhost/cakephp_dhtmlx/scheduler
Stack Trace:
#0 C:\xampp\htdocs\cakephp_dhtmlx\vendor\cakephp\cakephp\src\Database\Driver\PDODriverTrait.php(48): PDO->__construct('mysql:host=loca...', 'root', 'root', Array)
#1 C:\xampp\htdocs\cakephp_dhtmlx\vendor\cakephp\cakephp\src\Database\Driver\Mysql.php(104): Cake\Database\Driver\Mysql->_connect('mysql:host=loca...', Array)
#2 C:\xampp\htdocs\cakephp_dhtmlx\vendor\cakephp\cakephp\src\Database\Schema\BaseSchema.php(45): Cake\Database\Driver\Mysql->connect()
#3 C:\xampp\htdocs\cakephp_dhtmlx\vendor\cakephp\cakephp\src\Database\Dialect\MysqlDialectTrait.php(63): Cake\Database\Schema\BaseSchema->__construct(Object(Cake\Database\Driver\Mysql))
#4 C:\xampp\htdocs\cakephp_dhtmlx\vendor\cakephp\cakephp\src\Database\Schema\Collection.php(52): Cake\Database\Driver\Mysql->schemaDialect()
#5 C:\xampp\htdocs\cakephp_dhtmlx\vendor\cakephp\cakephp\src\Database\Schema\CachedCollection.php(42): Cake\Database\Schema\Collection->__construct(Object(Cake\Database\Connection))
#6 C:\xampp\htdocs\cakephp_dhtmlx\vendor\cakephp\cakephp\src\Database\Connection.php(322): Cake\Database\Schema\CachedCollection->__construct(Object(Cake\Database\Connection), true)
#7 C:\xampp\htdocs\cakephp_dhtmlx\vendor\cakephp\cakephp\src\ORM\Table.php(439): Cake\Database\Connection->schemaCollection()
#8 C:\xampp\htdocs\cakephp_dhtmlx\vendor\cakephp\cakephp\src\ORM\Query.php(210): Cake\ORM\Table->schema()
#9 C:\xampp\htdocs\cakephp_dhtmlx\vendor\cakephp\cakephp\src\ORM\Query.php(167): Cake\ORM\Query->addDefaultTypes(Object(App\Model\Table\SchedulerEventTable))
#10 C:\xampp\htdocs\cakephp_dhtmlx\vendor\cakephp\cakephp\src\ORM\Table.php(1336): Cake\ORM\Query->__construct(Object(Cake\Database\Connection), Object(App\Model\Table\SchedulerEventTable))
#11 C:\xampp\htdocs\cakephp_dhtmlx\vendor\cakephp\cakephp\src\ORM\Table.php(964): Cake\ORM\Table->query()
#12 C:\xampp\htdocs\cakephp_dhtmlx\vendor\dhtmlx\connector-php\codebase\Dhtmlx\Connector\DataStorage\PHPCakeDBDataWrapper.php(12): Cake\ORM\Table->find('all')
#13 C:\xampp\htdocs\cakephp_dhtmlx\vendor\dhtmlx\connector-php\codebase\Dhtmlx\Connector\Connector.php(273): Dhtmlx\Connector\DataStorage\PHPCakeDBDataWrapper->select(Object(Dhtmlx\Connector\Data\DataRequestConfig))
#14 C:\xampp\htdocs\cakephp_dhtmlx\vendor\dhtmlx\connector-php\codebase\Dhtmlx\Connector\Connector.php(253): Dhtmlx\Connector\Connector->get_resource()
#15 C:\xampp\htdocs\cakephp_dhtmlx\src\Controller\SchedulerController.php(18): Dhtmlx\Connector\Connector->render()
#16 [internal function]: App\Controller\SchedulerController->data()
#17 C:\xampp\htdocs\cakephp_dhtmlx\vendor\cakephp\cakephp\src\Controller\Controller.php(435): call_user_func_array(Array, Array)
#18 C:\xampp\htdocs\cakephp_dhtmlx\vendor\cakephp\cakephp\src\Http\ActionDispatcher.php(121): Cake\Controller\Controller->invokeAction()
#19 C:\xampp\htdocs\cakephp_dhtmlx\vendor\cakephp\cakephp\src\Http\ActionDispatcher.php(95): Cake\Http\ActionDispatcher->_invoke(Object(App\Controller\SchedulerController))
#20 C:\xampp\htdocs\cakephp_dhtmlx\vendor\cakephp\cakephp\src\Routing\Dispatcher.php(60): Cake\Http\ActionDispatcher->dispatch(Object(Cake\Network\Request), Object(Cake\Network\Response))
#21 C:\xampp\htdocs\cakephp_dhtmlx\webroot\index.php(39): Cake\Routing\Dispatcher->dispatch(Object(Cake\Network\Request), Object(Cake\Network\Response))
#22 {main}


2017-01-13 23:07:52 Error: [PDOException] SQLSTATE[HY000] [1045] Access denied for user 'root'@'localhost' (using password: YES)
Request URL: /cakephp_dhtmlx/scheduler_data?timeshift=240&from=2010-07-01&to=2010-10-01
Referer URL: http://localhost/cakephp_dhtmlx/scheduler
Stack Trace:
#0 C:\xampp\htdocs\cakephp_dhtmlx\vendor\cakephp\cakephp\src\Database\Driver\PDODriverTrait.php(48): PDO->__construct('mysql:host=loca...', 'root', 'root', Array)
#1 C:\xampp\htdocs\cakephp_dhtmlx\vendor\cakephp\cakephp\src\Database\Driver\Mysql.php(104): Cake\Database\Driver\Mysql->_connect('mysql:host=loca...', Array)
#2 C:\xampp\htdocs\cakephp_dhtmlx\vendor\cakephp\cakephp\src\Database\Schema\BaseSchema.php(45): Cake\Database\Driver\Mysql->connect()
#3 C:\xampp\htdocs\cakephp_dhtmlx\vendor\cakephp\cakephp\src\Database\Dialect\MysqlDialectTrait.php(63): Cake\Database\Schema\BaseSchema->__construct(Object(Cake\Database\Driver\Mysql))
#4 C:\xampp\htdocs\cakephp_dhtmlx\vendor\cakephp\cakephp\src\Database\Schema\Collection.php(52): Cake\Database\Driver\Mysql->schemaDialect()
#5 C:\xampp\htdocs\cakephp_dhtmlx\vendor\cakephp\cakephp\src\Database\Schema\CachedCollection.php(42): Cake\Database\Schema\Collection->__construct(Object(Cake\Database\Connection))
#6 C:\xampp\htdocs\cakephp_dhtmlx\vendor\cakephp\cakephp\src\Database\Connection.php(322): Cake\Database\Schema\CachedCollection->__construct(Object(Cake\Database\Connection), true)
#7 C:\xampp\htdocs\cakephp_dhtmlx\vendor\cakephp\cakephp\src\ORM\Table.php(439): Cake\Database\Connection->schemaCollection()
#8 C:\xampp\htdocs\cakephp_dhtmlx\vendor\cakephp\cakephp\src\ORM\Query.php(210): Cake\ORM\Table->schema()
#9 C:\xampp\htdocs\cakephp_dhtmlx\vendor\cakephp\cakephp\src\ORM\Query.php(167): Cake\ORM\Query->addDefaultTypes(Object(App\Model\Table\SchedulerEventTable))
#10 C:\xampp\htdocs\cakephp_dhtmlx\vendor\cakephp\cakephp\src\ORM\Table.php(1336): Cake\ORM\Query->__construct(Object(Cake\Database\Connection), Object(App\Model\Table\SchedulerEventTable))
#11 C:\xampp\htdocs\cakephp_dhtmlx\vendor\cakephp\cakephp\src\ORM\Table.php(964): Cake\ORM\Table->query()
#12 C:\xampp\htdocs\cakephp_dhtmlx\vendor\dhtmlx\connector-php\codebase\Dhtmlx\Connector\DataStorage\PHPCakeDBDataWrapper.php(12): Cake\ORM\Table->find('all')
#13 C:\xampp\htdocs\cakephp_dhtmlx\vendor\dhtmlx\connector-php\codebase\Dhtmlx\Connector\Connector.php(273): Dhtmlx\Connector\DataStorage\PHPCakeDBDataWrapper->select(Object(Dhtmlx\Connector\Data\DataRequestConfig))
#14 C:\xampp\htdocs\cakephp_dhtmlx\vendor\dhtmlx\connector-php\codebase\Dhtmlx\Connector\Connector.php(253): Dhtmlx\Connector\Connector->get_resource()
#15 C:\xampp\htdocs\cakephp_dhtmlx\src\Controller\SchedulerController.php(18): Dhtmlx\Connector\Connector->render()
#16 [internal function]: App\Controller\SchedulerController->data()
#17 C:\xampp\htdocs\cakephp_dhtmlx\vendor\cakephp\cakephp\src\Controller\Controller.php(435): call_user_func_array(Array, Array)
#18 C:\xampp\htdocs\cakephp_dhtmlx\vendor\cakephp\cakephp\src\Http\ActionDispatcher.php(121): Cake\Controller\Controller->invokeAction()
#19 C:\xampp\htdocs\cakephp_dhtmlx\vendor\cakephp\cakephp\src\Http\ActionDispatcher.php(95): Cake\Http\ActionDispatcher->_invoke(Object(App\Controller\SchedulerController))
#20 C:\xampp\htdocs\cakephp_dhtmlx\vendor\cakephp\cakephp\src\Routing\Dispatcher.php(60): Cake\Http\ActionDispatcher->dispatch(Object(Cake\Network\Request), Object(Cake\Network\Response))
#21 C:\xampp\htdocs\cakephp_dhtmlx\webroot\index.php(39): Cake\Routing\Dispatcher->dispatch(Object(Cake\Network\Request), Object(Cake\Network\Response))
#22 {main}


2017-01-13 23:13:23 Error: [PDOException] SQLSTATE[HY000] [1045] Access denied for user 'root'@'localhost' (using password: YES)
Request URL: /cakephp_dhtmlx/scheduler_data?timeshift=240&from=2010-07-01&to=2010-10-01
Referer URL: http://localhost/cakephp_dhtmlx/scheduler
Stack Trace:
#0 C:\xampp\htdocs\cakephp_dhtmlx\vendor\cakephp\cakephp\src\Database\Driver\PDODriverTrait.php(48): PDO->__construct('mysql:host=loca...', 'root', 'root', Array)
#1 C:\xampp\htdocs\cakephp_dhtmlx\vendor\cakephp\cakephp\src\Database\Driver\Mysql.php(104): Cake\Database\Driver\Mysql->_connect('mysql:host=loca...', Array)
#2 C:\xampp\htdocs\cakephp_dhtmlx\vendor\cakephp\cakephp\src\Database\Schema\BaseSchema.php(45): Cake\Database\Driver\Mysql->connect()
#3 C:\xampp\htdocs\cakephp_dhtmlx\vendor\cakephp\cakephp\src\Database\Dialect\MysqlDialectTrait.php(63): Cake\Database\Schema\BaseSchema->__construct(Object(Cake\Database\Driver\Mysql))
#4 C:\xampp\htdocs\cakephp_dhtmlx\vendor\cakephp\cakephp\src\Database\Schema\Collection.php(52): Cake\Database\Driver\Mysql->schemaDialect()
#5 C:\xampp\htdocs\cakephp_dhtmlx\vendor\cakephp\cakephp\src\Database\Schema\CachedCollection.php(42): Cake\Database\Schema\Collection->__construct(Object(Cake\Database\Connection))
#6 C:\xampp\htdocs\cakephp_dhtmlx\vendor\cakephp\cakephp\src\Database\Connection.php(322): Cake\Database\Schema\CachedCollection->__construct(Object(Cake\Database\Connection), true)
#7 C:\xampp\htdocs\cakephp_dhtmlx\vendor\cakephp\cakephp\src\ORM\Table.php(439): Cake\Database\Connection->schemaCollection()
#8 C:\xampp\htdocs\cakephp_dhtmlx\vendor\cakephp\cakephp\src\ORM\Query.php(210): Cake\ORM\Table->schema()
#9 C:\xampp\htdocs\cakephp_dhtmlx\vendor\cakephp\cakephp\src\ORM\Query.php(167): Cake\ORM\Query->addDefaultTypes(Object(App\Model\Table\SchedulerEventTable))
#10 C:\xampp\htdocs\cakephp_dhtmlx\vendor\cakephp\cakephp\src\ORM\Table.php(1336): Cake\ORM\Query->__construct(Object(Cake\Database\Connection), Object(App\Model\Table\SchedulerEventTable))
#11 C:\xampp\htdocs\cakephp_dhtmlx\vendor\cakephp\cakephp\src\ORM\Table.php(964): Cake\ORM\Table->query()
#12 C:\xampp\htdocs\cakephp_dhtmlx\vendor\dhtmlx\connector-php\codebase\Dhtmlx\Connector\DataStorage\PHPCakeDBDataWrapper.php(12): Cake\ORM\Table->find('all')
#13 C:\xampp\htdocs\cakephp_dhtmlx\vendor\dhtmlx\connector-php\codebase\Dhtmlx\Connector\Connector.php(273): Dhtmlx\Connector\DataStorage\PHPCakeDBDataWrapper->select(Object(Dhtmlx\Connector\Data\DataRequestConfig))
#14 C:\xampp\htdocs\cakephp_dhtmlx\vendor\dhtmlx\connector-php\codebase\Dhtmlx\Connector\Connector.php(253): Dhtmlx\Connector\Connector->get_resource()
#15 C:\xampp\htdocs\cakephp_dhtmlx\src\Controller\SchedulerController.php(18): Dhtmlx\Connector\Connector->render()
#16 [internal function]: App\Controller\SchedulerController->data()
#17 C:\xampp\htdocs\cakephp_dhtmlx\vendor\cakephp\cakephp\src\Controller\Controller.php(435): call_user_func_array(Array, Array)
#18 C:\xampp\htdocs\cakephp_dhtmlx\vendor\cakephp\cakephp\src\Http\ActionDispatcher.php(121): Cake\Controller\Controller->invokeAction()
#19 C:\xampp\htdocs\cakephp_dhtmlx\vendor\cakephp\cakephp\src\Http\ActionDispatcher.php(95): Cake\Http\ActionDispatcher->_invoke(Object(App\Controller\SchedulerController))
#20 C:\xampp\htdocs\cakephp_dhtmlx\vendor\cakephp\cakephp\src\Routing\Dispatcher.php(60): Cake\Http\ActionDispatcher->dispatch(Object(Cake\Network\Request), Object(Cake\Network\Response))
#21 C:\xampp\htdocs\cakephp_dhtmlx\webroot\index.php(39): Cake\Routing\Dispatcher->dispatch(Object(Cake\Network\Request), Object(Cake\Network\Response))
#22 {main}


2017-06-30 00:00:30 Error: [PDOException] SQLSTATE[HY000] [1045] Access denied for user 'root'@'localhost' (using password: YES)
Request URL: /cakephp_dhtmlx/scheduler_data?timeshift=240&from=2010-07-01&to=2010-10-01
Referer URL: http://localhost/cakephp_dhtmlx/scheduler
Stack Trace:
#0 C:\xampp\htdocs\cakephp_dhtmlx\vendor\cakephp\cakephp\src\Database\Driver\PDODriverTrait.php(48): PDO->__construct('mysql:host=loca...', 'root', 'root', Array)
#1 C:\xampp\htdocs\cakephp_dhtmlx\vendor\cakephp\cakephp\src\Database\Driver\Mysql.php(104): Cake\Database\Driver\Mysql->_connect('mysql:host=loca...', Array)
#2 C:\xampp\htdocs\cakephp_dhtmlx\vendor\cakephp\cakephp\src\Database\Schema\BaseSchema.php(45): Cake\Database\Driver\Mysql->connect()
#3 C:\xampp\htdocs\cakephp_dhtmlx\vendor\cakephp\cakephp\src\Database\Dialect\MysqlDialectTrait.php(63): Cake\Database\Schema\BaseSchema->__construct(Object(Cake\Database\Driver\Mysql))
#4 C:\xampp\htdocs\cakephp_dhtmlx\vendor\cakephp\cakephp\src\Database\Schema\Collection.php(52): Cake\Database\Driver\Mysql->schemaDialect()
#5 C:\xampp\htdocs\cakephp_dhtmlx\vendor\cakephp\cakephp\src\Database\Schema\CachedCollection.php(42): Cake\Database\Schema\Collection->__construct(Object(Cake\Database\Connection))
#6 C:\xampp\htdocs\cakephp_dhtmlx\vendor\cakephp\cakephp\src\Database\Connection.php(322): Cake\Database\Schema\CachedCollection->__construct(Object(Cake\Database\Connection), true)
#7 C:\xampp\htdocs\cakephp_dhtmlx\vendor\cakephp\cakephp\src\ORM\Table.php(439): Cake\Database\Connection->schemaCollection()
#8 C:\xampp\htdocs\cakephp_dhtmlx\vendor\cakephp\cakephp\src\ORM\Query.php(210): Cake\ORM\Table->schema()
#9 C:\xampp\htdocs\cakephp_dhtmlx\vendor\cakephp\cakephp\src\ORM\Query.php(167): Cake\ORM\Query->addDefaultTypes(Object(App\Model\Table\SchedulerEventTable))
#10 C:\xampp\htdocs\cakephp_dhtmlx\vendor\cakephp\cakephp\src\ORM\Table.php(1336): Cake\ORM\Query->__construct(Object(Cake\Database\Connection), Object(App\Model\Table\SchedulerEventTable))
#11 C:\xampp\htdocs\cakephp_dhtmlx\vendor\cakephp\cakephp\src\ORM\Table.php(964): Cake\ORM\Table->query()
#12 C:\xampp\htdocs\cakephp_dhtmlx\vendor\dhtmlx\connector-php\codebase\Dhtmlx\Connector\DataStorage\PHPCakeDBDataWrapper.php(12): Cake\ORM\Table->find('all')
#13 C:\xampp\htdocs\cakephp_dhtmlx\vendor\dhtmlx\connector-php\codebase\Dhtmlx\Connector\Connector.php(273): Dhtmlx\Connector\DataStorage\PHPCakeDBDataWrapper->select(Object(Dhtmlx\Connector\Data\DataRequestConfig))
#14 C:\xampp\htdocs\cakephp_dhtmlx\vendor\dhtmlx\connector-php\codebase\Dhtmlx\Connector\Connector.php(253): Dhtmlx\Connector\Connector->get_resource()
#15 C:\xampp\htdocs\cakephp_dhtmlx\src\Controller\SchedulerController.php(18): Dhtmlx\Connector\Connector->render()
#16 [internal function]: App\Controller\SchedulerController->data()
#17 C:\xampp\htdocs\cakephp_dhtmlx\vendor\cakephp\cakephp\src\Controller\Controller.php(435): call_user_func_array(Array, Array)
#18 C:\xampp\htdocs\cakephp_dhtmlx\vendor\cakephp\cakephp\src\Http\ActionDispatcher.php(121): Cake\Controller\Controller->invokeAction()
#19 C:\xampp\htdocs\cakephp_dhtmlx\vendor\cakephp\cakephp\src\Http\ActionDispatcher.php(95): Cake\Http\ActionDispatcher->_invoke(Object(App\Controller\SchedulerController))
#20 C:\xampp\htdocs\cakephp_dhtmlx\vendor\cakephp\cakephp\src\Routing\Dispatcher.php(60): Cake\Http\ActionDispatcher->dispatch(Object(Cake\Network\Request), Object(Cake\Network\Response))
#21 C:\xampp\htdocs\cakephp_dhtmlx\webroot\index.php(39): Cake\Routing\Dispatcher->dispatch(Object(Cake\Network\Request), Object(Cake\Network\Response))
#22 {main}


2017-06-30 00:01:14 Error: [PDOException] SQLSTATE[HY000] [1045] Access denied for user 'root'@'localhost' (using password: YES)
Request URL: /cakephp_dhtmlx/scheduler_data?timeshift=240&from=2017-05-01&to=2017-08-01
Referer URL: http://localhost/cakephp_dhtmlx/scheduler
Stack Trace:
#0 C:\xampp\htdocs\cakephp_dhtmlx\vendor\cakephp\cakephp\src\Database\Driver\PDODriverTrait.php(48): PDO->__construct('mysql:host=loca...', 'root', 'root', Array)
#1 C:\xampp\htdocs\cakephp_dhtmlx\vendor\cakephp\cakephp\src\Database\Driver\Mysql.php(104): Cake\Database\Driver\Mysql->_connect('mysql:host=loca...', Array)
#2 C:\xampp\htdocs\cakephp_dhtmlx\vendor\cakephp\cakephp\src\Database\Schema\BaseSchema.php(45): Cake\Database\Driver\Mysql->connect()
#3 C:\xampp\htdocs\cakephp_dhtmlx\vendor\cakephp\cakephp\src\Database\Dialect\MysqlDialectTrait.php(63): Cake\Database\Schema\BaseSchema->__construct(Object(Cake\Database\Driver\Mysql))
#4 C:\xampp\htdocs\cakephp_dhtmlx\vendor\cakephp\cakephp\src\Database\Schema\Collection.php(52): Cake\Database\Driver\Mysql->schemaDialect()
#5 C:\xampp\htdocs\cakephp_dhtmlx\vendor\cakephp\cakephp\src\Database\Schema\CachedCollection.php(42): Cake\Database\Schema\Collection->__construct(Object(Cake\Database\Connection))
#6 C:\xampp\htdocs\cakephp_dhtmlx\vendor\cakephp\cakephp\src\Database\Connection.php(322): Cake\Database\Schema\CachedCollection->__construct(Object(Cake\Database\Connection), true)
#7 C:\xampp\htdocs\cakephp_dhtmlx\vendor\cakephp\cakephp\src\ORM\Table.php(439): Cake\Database\Connection->schemaCollection()
#8 C:\xampp\htdocs\cakephp_dhtmlx\vendor\cakephp\cakephp\src\ORM\Query.php(210): Cake\ORM\Table->schema()
#9 C:\xampp\htdocs\cakephp_dhtmlx\vendor\cakephp\cakephp\src\ORM\Query.php(167): Cake\ORM\Query->addDefaultTypes(Object(App\Model\Table\SchedulerEventTable))
#10 C:\xampp\htdocs\cakephp_dhtmlx\vendor\cakephp\cakephp\src\ORM\Table.php(1336): Cake\ORM\Query->__construct(Object(Cake\Database\Connection), Object(App\Model\Table\SchedulerEventTable))
#11 C:\xampp\htdocs\cakephp_dhtmlx\vendor\cakephp\cakephp\src\ORM\Table.php(964): Cake\ORM\Table->query()
#12 C:\xampp\htdocs\cakephp_dhtmlx\vendor\dhtmlx\connector-php\codebase\Dhtmlx\Connector\DataStorage\PHPCakeDBDataWrapper.php(12): Cake\ORM\Table->find('all')
#13 C:\xampp\htdocs\cakephp_dhtmlx\vendor\dhtmlx\connector-php\codebase\Dhtmlx\Connector\Connector.php(273): Dhtmlx\Connector\DataStorage\PHPCakeDBDataWrapper->select(Object(Dhtmlx\Connector\Data\DataRequestConfig))
#14 C:\xampp\htdocs\cakephp_dhtmlx\vendor\dhtmlx\connector-php\codebase\Dhtmlx\Connector\Connector.php(253): Dhtmlx\Connector\Connector->get_resource()
#15 C:\xampp\htdocs\cakephp_dhtmlx\src\Controller\SchedulerController.php(18): Dhtmlx\Connector\Connector->render()
#16 [internal function]: App\Controller\SchedulerController->data()
#17 C:\xampp\htdocs\cakephp_dhtmlx\vendor\cakephp\cakephp\src\Controller\Controller.php(435): call_user_func_array(Array, Array)
#18 C:\xampp\htdocs\cakephp_dhtmlx\vendor\cakephp\cakephp\src\Http\ActionDispatcher.php(121): Cake\Controller\Controller->invokeAction()
#19 C:\xampp\htdocs\cakephp_dhtmlx\vendor\cakephp\cakephp\src\Http\ActionDispatcher.php(95): Cake\Http\ActionDispatcher->_invoke(Object(App\Controller\SchedulerController))
#20 C:\xampp\htdocs\cakephp_dhtmlx\vendor\cakephp\cakephp\src\Routing\Dispatcher.php(60): Cake\Http\ActionDispatcher->dispatch(Object(Cake\Network\Request), Object(Cake\Network\Response))
#21 C:\xampp\htdocs\cakephp_dhtmlx\webroot\index.php(39): Cake\Routing\Dispatcher->dispatch(Object(Cake\Network\Request), Object(Cake\Network\Response))
#22 {main}


2017-06-30 00:04:41 Error: [PDOException] SQLSTATE[HY000] [1045] Access denied for user 'root'@'localhost' (using password: YES)
Request URL: /cakephp_dhtmlx/grid_data?dhxr1498781081202=1
Referer URL: http://localhost/cakephp_dhtmlx/grid
Stack Trace:
#0 C:\xampp\htdocs\cakephp_dhtmlx\vendor\cakephp\cakephp\src\Database\Driver\PDODriverTrait.php(48): PDO->__construct('mysql:host=loca...', 'root', 'root', Array)
#1 C:\xampp\htdocs\cakephp_dhtmlx\vendor\cakephp\cakephp\src\Database\Driver\Mysql.php(104): Cake\Database\Driver\Mysql->_connect('mysql:host=loca...', Array)
#2 C:\xampp\htdocs\cakephp_dhtmlx\vendor\cakephp\cakephp\src\Database\Schema\BaseSchema.php(45): Cake\Database\Driver\Mysql->connect()
#3 C:\xampp\htdocs\cakephp_dhtmlx\vendor\cakephp\cakephp\src\Database\Dialect\MysqlDialectTrait.php(63): Cake\Database\Schema\BaseSchema->__construct(Object(Cake\Database\Driver\Mysql))
#4 C:\xampp\htdocs\cakephp_dhtmlx\vendor\cakephp\cakephp\src\Database\Schema\Collection.php(52): Cake\Database\Driver\Mysql->schemaDialect()
#5 C:\xampp\htdocs\cakephp_dhtmlx\vendor\cakephp\cakephp\src\Database\Schema\CachedCollection.php(42): Cake\Database\Schema\Collection->__construct(Object(Cake\Database\Connection))
#6 C:\xampp\htdocs\cakephp_dhtmlx\vendor\cakephp\cakephp\src\Database\Connection.php(322): Cake\Database\Schema\CachedCollection->__construct(Object(Cake\Database\Connection), true)
#7 C:\xampp\htdocs\cakephp_dhtmlx\vendor\cakephp\cakephp\src\ORM\Table.php(439): Cake\Database\Connection->schemaCollection()
#8 C:\xampp\htdocs\cakephp_dhtmlx\vendor\cakephp\cakephp\src\ORM\Query.php(210): Cake\ORM\Table->schema()
#9 C:\xampp\htdocs\cakephp_dhtmlx\vendor\cakephp\cakephp\src\ORM\Query.php(167): Cake\ORM\Query->addDefaultTypes(Object(App\Model\Table\SchedulerEventTable))
#10 C:\xampp\htdocs\cakephp_dhtmlx\vendor\cakephp\cakephp\src\ORM\Table.php(1336): Cake\ORM\Query->__construct(Object(Cake\Database\Connection), Object(App\Model\Table\SchedulerEventTable))
#11 C:\xampp\htdocs\cakephp_dhtmlx\vendor\cakephp\cakephp\src\ORM\Table.php(964): Cake\ORM\Table->query()
#12 C:\xampp\htdocs\cakephp_dhtmlx\vendor\dhtmlx\connector-php\codebase\Dhtmlx\Connector\DataStorage\PHPCakeDBDataWrapper.php(12): Cake\ORM\Table->find('all')
#13 C:\xampp\htdocs\cakephp_dhtmlx\vendor\dhtmlx\connector-php\codebase\Dhtmlx\Connector\Connector.php(273): Dhtmlx\Connector\DataStorage\PHPCakeDBDataWrapper->select(Object(Dhtmlx\Connector\Data\DataRequestConfig))
#14 C:\xampp\htdocs\cakephp_dhtmlx\vendor\dhtmlx\connector-php\codebase\Dhtmlx\Connector\Connector.php(253): Dhtmlx\Connector\Connector->get_resource()
#15 C:\xampp\htdocs\cakephp_dhtmlx\src\Controller\GridController.php(17): Dhtmlx\Connector\Connector->render()
#16 [internal function]: App\Controller\GridController->data()
#17 C:\xampp\htdocs\cakephp_dhtmlx\vendor\cakephp\cakephp\src\Controller\Controller.php(435): call_user_func_array(Array, Array)
#18 C:\xampp\htdocs\cakephp_dhtmlx\vendor\cakephp\cakephp\src\Http\ActionDispatcher.php(121): Cake\Controller\Controller->invokeAction()
#19 C:\xampp\htdocs\cakephp_dhtmlx\vendor\cakephp\cakephp\src\Http\ActionDispatcher.php(95): Cake\Http\ActionDispatcher->_invoke(Object(App\Controller\GridController))
#20 C:\xampp\htdocs\cakephp_dhtmlx\vendor\cakephp\cakephp\src\Routing\Dispatcher.php(60): Cake\Http\ActionDispatcher->dispatch(Object(Cake\Network\Request), Object(Cake\Network\Response))
#21 C:\xampp\htdocs\cakephp_dhtmlx\webroot\index.php(39): Cake\Routing\Dispatcher->dispatch(Object(Cake\Network\Request), Object(Cake\Network\Response))
#22 {main}


2017-06-30 00:04:50 Error: [PDOException] SQLSTATE[HY000] [1045] Access denied for user 'root'@'localhost' (using password: YES)
Request URL: /cakephp_dhtmlx/gantt_data
Referer URL: http://localhost/cakephp_dhtmlx/gantt
Stack Trace:
#0 C:\xampp\htdocs\cakephp_dhtmlx\vendor\cakephp\cakephp\src\Database\Driver\PDODriverTrait.php(48): PDO->__construct('mysql:host=loca...', 'root', 'root', Array)
#1 C:\xampp\htdocs\cakephp_dhtmlx\vendor\cakephp\cakephp\src\Database\Driver\Mysql.php(104): Cake\Database\Driver\Mysql->_connect('mysql:host=loca...', Array)
#2 C:\xampp\htdocs\cakephp_dhtmlx\vendor\cakephp\cakephp\src\Database\Schema\BaseSchema.php(45): Cake\Database\Driver\Mysql->connect()
#3 C:\xampp\htdocs\cakephp_dhtmlx\vendor\cakephp\cakephp\src\Database\Dialect\MysqlDialectTrait.php(63): Cake\Database\Schema\BaseSchema->__construct(Object(Cake\Database\Driver\Mysql))
#4 C:\xampp\htdocs\cakephp_dhtmlx\vendor\cakephp\cakephp\src\Database\Schema\Collection.php(52): Cake\Database\Driver\Mysql->schemaDialect()
#5 C:\xampp\htdocs\cakephp_dhtmlx\vendor\cakephp\cakephp\src\Database\Schema\CachedCollection.php(42): Cake\Database\Schema\Collection->__construct(Object(Cake\Database\Connection))
#6 C:\xampp\htdocs\cakephp_dhtmlx\vendor\cakephp\cakephp\src\Database\Connection.php(322): Cake\Database\Schema\CachedCollection->__construct(Object(Cake\Database\Connection), true)
#7 C:\xampp\htdocs\cakephp_dhtmlx\vendor\cakephp\cakephp\src\ORM\Table.php(439): Cake\Database\Connection->schemaCollection()
#8 C:\xampp\htdocs\cakephp_dhtmlx\vendor\cakephp\cakephp\src\ORM\Query.php(210): Cake\ORM\Table->schema()
#9 C:\xampp\htdocs\cakephp_dhtmlx\vendor\cakephp\cakephp\src\ORM\Query.php(167): Cake\ORM\Query->addDefaultTypes(Object(App\Model\Table\GanttTaskTable))
#10 C:\xampp\htdocs\cakephp_dhtmlx\vendor\cakephp\cakephp\src\ORM\Table.php(1336): Cake\ORM\Query->__construct(Object(Cake\Database\Connection), Object(App\Model\Table\GanttTaskTable))
#11 C:\xampp\htdocs\cakephp_dhtmlx\vendor\cakephp\cakephp\src\ORM\Table.php(964): Cake\ORM\Table->query()
#12 C:\xampp\htdocs\cakephp_dhtmlx\vendor\dhtmlx\connector-php\codebase\Dhtmlx\Connector\DataStorage\PHPCakeDBDataWrapper.php(12): Cake\ORM\Table->find('all')
#13 C:\xampp\htdocs\cakephp_dhtmlx\vendor\dhtmlx\connector-php\codebase\Dhtmlx\Connector\Connector.php(273): Dhtmlx\Connector\DataStorage\PHPCakeDBDataWrapper->select(Object(Dhtmlx\Connector\Data\DataRequestConfig))
#14 C:\xampp\htdocs\cakephp_dhtmlx\vendor\dhtmlx\connector-php\codebase\Dhtmlx\Connector\GanttConnector.php(160): Dhtmlx\Connector\Connector->get_resource()
#15 C:\xampp\htdocs\cakephp_dhtmlx\vendor\dhtmlx\connector-php\codebase\Dhtmlx\Connector\Connector.php(149): Dhtmlx\Connector\GanttConnector->render()
#16 C:\xampp\htdocs\cakephp_dhtmlx\src\Controller\GanttController.php(17): Dhtmlx\Connector\Connector->render_table(Object(App\Model\Table\GanttTaskTable), 'id', 'start_date,dura...')
#17 [internal function]: App\Controller\GanttController->data()
#18 C:\xampp\htdocs\cakephp_dhtmlx\vendor\cakephp\cakephp\src\Controller\Controller.php(435): call_user_func_array(Array, Array)
#19 C:\xampp\htdocs\cakephp_dhtmlx\vendor\cakephp\cakephp\src\Http\ActionDispatcher.php(121): Cake\Controller\Controller->invokeAction()
#20 C:\xampp\htdocs\cakephp_dhtmlx\vendor\cakephp\cakephp\src\Http\ActionDispatcher.php(95): Cake\Http\ActionDispatcher->_invoke(Object(App\Controller\GanttController))
#21 C:\xampp\htdocs\cakephp_dhtmlx\vendor\cakephp\cakephp\src\Routing\Dispatcher.php(60): Cake\Http\ActionDispatcher->dispatch(Object(Cake\Network\Request), Object(Cake\Network\Response))
#22 C:\xampp\htdocs\cakephp_dhtmlx\webroot\index.php(39): Cake\Routing\Dispatcher->dispatch(Object(Cake\Network\Request), Object(Cake\Network\Response))
#23 {main}


2017-06-30 00:04:56 Error: [PDOException] SQLSTATE[HY000] [1045] Access denied for user 'root'@'localhost' (using password: YES)
Request URL: /cakephp_dhtmlx/scheduler_data?timeshift=240&from=2010-07-01&to=2010-10-01
Referer URL: http://localhost/cakephp_dhtmlx/scheduler
Stack Trace:
#0 C:\xampp\htdocs\cakephp_dhtmlx\vendor\cakephp\cakephp\src\Database\Driver\PDODriverTrait.php(48): PDO->__construct('mysql:host=loca...', 'root', 'root', Array)
#1 C:\xampp\htdocs\cakephp_dhtmlx\vendor\cakephp\cakephp\src\Database\Driver\Mysql.php(104): Cake\Database\Driver\Mysql->_connect('mysql:host=loca...', Array)
#2 C:\xampp\htdocs\cakephp_dhtmlx\vendor\cakephp\cakephp\src\Database\Schema\BaseSchema.php(45): Cake\Database\Driver\Mysql->connect()
#3 C:\xampp\htdocs\cakephp_dhtmlx\vendor\cakephp\cakephp\src\Database\Dialect\MysqlDialectTrait.php(63): Cake\Database\Schema\BaseSchema->__construct(Object(Cake\Database\Driver\Mysql))
#4 C:\xampp\htdocs\cakephp_dhtmlx\vendor\cakephp\cakephp\src\Database\Schema\Collection.php(52): Cake\Database\Driver\Mysql->schemaDialect()
#5 C:\xampp\htdocs\cakephp_dhtmlx\vendor\cakephp\cakephp\src\Database\Schema\CachedCollection.php(42): Cake\Database\Schema\Collection->__construct(Object(Cake\Database\Connection))
#6 C:\xampp\htdocs\cakephp_dhtmlx\vendor\cakephp\cakephp\src\Database\Connection.php(322): Cake\Database\Schema\CachedCollection->__construct(Object(Cake\Database\Connection), true)
#7 C:\xampp\htdocs\cakephp_dhtmlx\vendor\cakephp\cakephp\src\ORM\Table.php(439): Cake\Database\Connection->schemaCollection()
#8 C:\xampp\htdocs\cakephp_dhtmlx\vendor\cakephp\cakephp\src\ORM\Query.php(210): Cake\ORM\Table->schema()
#9 C:\xampp\htdocs\cakephp_dhtmlx\vendor\cakephp\cakephp\src\ORM\Query.php(167): Cake\ORM\Query->addDefaultTypes(Object(App\Model\Table\SchedulerEventTable))
#10 C:\xampp\htdocs\cakephp_dhtmlx\vendor\cakephp\cakephp\src\ORM\Table.php(1336): Cake\ORM\Query->__construct(Object(Cake\Database\Connection), Object(App\Model\Table\SchedulerEventTable))
#11 C:\xampp\htdocs\cakephp_dhtmlx\vendor\cakephp\cakephp\src\ORM\Table.php(964): Cake\ORM\Table->query()
#12 C:\xampp\htdocs\cakephp_dhtmlx\vendor\dhtmlx\connector-php\codebase\Dhtmlx\Connector\DataStorage\PHPCakeDBDataWrapper.php(12): Cake\ORM\Table->find('all')
#13 C:\xampp\htdocs\cakephp_dhtmlx\vendor\dhtmlx\connector-php\codebase\Dhtmlx\Connector\Connector.php(273): Dhtmlx\Connector\DataStorage\PHPCakeDBDataWrapper->select(Object(Dhtmlx\Connector\Data\DataRequestConfig))
#14 C:\xampp\htdocs\cakephp_dhtmlx\vendor\dhtmlx\connector-php\codebase\Dhtmlx\Connector\Connector.php(253): Dhtmlx\Connector\Connector->get_resource()
#15 C:\xampp\htdocs\cakephp_dhtmlx\src\Controller\SchedulerController.php(18): Dhtmlx\Connector\Connector->render()
#16 [internal function]: App\Controller\SchedulerController->data()
#17 C:\xampp\htdocs\cakephp_dhtmlx\vendor\cakephp\cakephp\src\Controller\Controller.php(435): call_user_func_array(Array, Array)
#18 C:\xampp\htdocs\cakephp_dhtmlx\vendor\cakephp\cakephp\src\Http\ActionDispatcher.php(121): Cake\Controller\Controller->invokeAction()
#19 C:\xampp\htdocs\cakephp_dhtmlx\vendor\cakephp\cakephp\src\Http\ActionDispatcher.php(95): Cake\Http\ActionDispatcher->_invoke(Object(App\Controller\SchedulerController))
#20 C:\xampp\htdocs\cakephp_dhtmlx\vendor\cakephp\cakephp\src\Routing\Dispatcher.php(60): Cake\Http\ActionDispatcher->dispatch(Object(Cake\Network\Request), Object(Cake\Network\Response))
#21 C:\xampp\htdocs\cakephp_dhtmlx\webroot\index.php(39): Cake\Routing\Dispatcher->dispatch(Object(Cake\Network\Request), Object(Cake\Network\Response))
#22 {main}


2017-06-30 00:05:29 Error: [PDOException] SQLSTATE[HY000] [1045] Access denied for user 'root'@'localhost' (using password: YES)
Request URL: /cakephp_dhtmlx/scheduler_data?timeshift=240&from=2017-05-01&to=2017-08-01
Referer URL: http://localhost/cakephp_dhtmlx/scheduler
Stack Trace:
#0 C:\xampp\htdocs\cakephp_dhtmlx\vendor\cakephp\cakephp\src\Database\Driver\PDODriverTrait.php(48): PDO->__construct('mysql:host=loca...', 'root', 'root', Array)
#1 C:\xampp\htdocs\cakephp_dhtmlx\vendor\cakephp\cakephp\src\Database\Driver\Mysql.php(104): Cake\Database\Driver\Mysql->_connect('mysql:host=loca...', Array)
#2 C:\xampp\htdocs\cakephp_dhtmlx\vendor\cakephp\cakephp\src\Database\Schema\BaseSchema.php(45): Cake\Database\Driver\Mysql->connect()
#3 C:\xampp\htdocs\cakephp_dhtmlx\vendor\cakephp\cakephp\src\Database\Dialect\MysqlDialectTrait.php(63): Cake\Database\Schema\BaseSchema->__construct(Object(Cake\Database\Driver\Mysql))
#4 C:\xampp\htdocs\cakephp_dhtmlx\vendor\cakephp\cakephp\src\Database\Schema\Collection.php(52): Cake\Database\Driver\Mysql->schemaDialect()
#5 C:\xampp\htdocs\cakephp_dhtmlx\vendor\cakephp\cakephp\src\Database\Schema\CachedCollection.php(42): Cake\Database\Schema\Collection->__construct(Object(Cake\Database\Connection))
#6 C:\xampp\htdocs\cakephp_dhtmlx\vendor\cakephp\cakephp\src\Database\Connection.php(322): Cake\Database\Schema\CachedCollection->__construct(Object(Cake\Database\Connection), true)
#7 C:\xampp\htdocs\cakephp_dhtmlx\vendor\cakephp\cakephp\src\ORM\Table.php(439): Cake\Database\Connection->schemaCollection()
#8 C:\xampp\htdocs\cakephp_dhtmlx\vendor\cakephp\cakephp\src\ORM\Query.php(210): Cake\ORM\Table->schema()
#9 C:\xampp\htdocs\cakephp_dhtmlx\vendor\cakephp\cakephp\src\ORM\Query.php(167): Cake\ORM\Query->addDefaultTypes(Object(App\Model\Table\SchedulerEventTable))
#10 C:\xampp\htdocs\cakephp_dhtmlx\vendor\cakephp\cakephp\src\ORM\Table.php(1336): Cake\ORM\Query->__construct(Object(Cake\Database\Connection), Object(App\Model\Table\SchedulerEventTable))
#11 C:\xampp\htdocs\cakephp_dhtmlx\vendor\cakephp\cakephp\src\ORM\Table.php(964): Cake\ORM\Table->query()
#12 C:\xampp\htdocs\cakephp_dhtmlx\vendor\dhtmlx\connector-php\codebase\Dhtmlx\Connector\DataStorage\PHPCakeDBDataWrapper.php(12): Cake\ORM\Table->find('all')
#13 C:\xampp\htdocs\cakephp_dhtmlx\vendor\dhtmlx\connector-php\codebase\Dhtmlx\Connector\Connector.php(273): Dhtmlx\Connector\DataStorage\PHPCakeDBDataWrapper->select(Object(Dhtmlx\Connector\Data\DataRequestConfig))
#14 C:\xampp\htdocs\cakephp_dhtmlx\vendor\dhtmlx\connector-php\codebase\Dhtmlx\Connector\Connector.php(253): Dhtmlx\Connector\Connector->get_resource()
#15 C:\xampp\htdocs\cakephp_dhtmlx\src\Controller\SchedulerController.php(18): Dhtmlx\Connector\Connector->render()
#16 [internal function]: App\Controller\SchedulerController->data()
#17 C:\xampp\htdocs\cakephp_dhtmlx\vendor\cakephp\cakephp\src\Controller\Controller.php(435): call_user_func_array(Array, Array)
#18 C:\xampp\htdocs\cakephp_dhtmlx\vendor\cakephp\cakephp\src\Http\ActionDispatcher.php(121): Cake\Controller\Controller->invokeAction()
#19 C:\xampp\htdocs\cakephp_dhtmlx\vendor\cakephp\cakephp\src\Http\ActionDispatcher.php(95): Cake\Http\ActionDispatcher->_invoke(Object(App\Controller\SchedulerController))
#20 C:\xampp\htdocs\cakephp_dhtmlx\vendor\cakephp\cakephp\src\Routing\Dispatcher.php(60): Cake\Http\ActionDispatcher->dispatch(Object(Cake\Network\Request), Object(Cake\Network\Response))
#21 C:\xampp\htdocs\cakephp_dhtmlx\webroot\index.php(39): Cake\Routing\Dispatcher->dispatch(Object(Cake\Network\Request), Object(Cake\Network\Response))
#22 {main}


